{"/home/runner/work/cruise-planner/cruise-planner/frontend/src/App.js": {"path":"/home/runner/work/cruise-planner/cruise-planner/frontend/src/App.js","statementMap":{"0":{"start":{"line":13,"column":2},"end":{"line":28,"column":4}}},"fnMap":{"0":{"name":"App","decl":{"start":{"line":12,"column":9},"end":{"line":12,"column":12}},"loc":{"start":{"line":12,"column":15},"end":{"line":29,"column":1}},"line":12}},"branchMap":{},"s":{"0":0},"f":{"0":0},"b":{}}
,"/home/runner/work/cruise-planner/cruise-planner/frontend/src/api.js": {"path":"/home/runner/work/cruise-planner/cruise-planner/frontend/src/api.js","statementMap":{"0":{"start":{"line":4,"column":12},"end":{"line":6,"column":2}},"1":{"start":{"line":8,"column":0},"end":{"line":11,"column":3}},"2":{"start":{"line":9,"column":2},"end":{"line":9,"column":48}},"3":{"start":{"line":10,"column":2},"end":{"line":10,"column":16}}},"fnMap":{"0":{"name":"(anonymous_0)","decl":{"start":{"line":8,"column":29},"end":{"line":8,"column":30}},"loc":{"start":{"line":8,"column":41},"end":{"line":11,"column":1}},"line":8}},"branchMap":{},"s":{"0":0,"1":0,"2":0,"3":0},"f":{"0":0},"b":{}}
,"/home/runner/work/cruise-planner/cruise-planner/frontend/src/index.js": {"path":"/home/runner/work/cruise-planner/cruise-planner/frontend/src/index.js","statementMap":{"0":{"start":{"line":6,"column":13},"end":{"line":6,"column":65}},"1":{"start":{"line":7,"column":0},"end":{"line":11,"column":2}}},"fnMap":{},"branchMap":{},"s":{"0":0,"1":0},"f":{},"b":{}}
,"/home/runner/work/cruise-planner/cruise-planner/frontend/src/utils.js": {"path":"/home/runner/work/cruise-planner/cruise-planner/frontend/src/utils.js","statementMap":{"0":{"start":{"line":1,"column":19},"end":{"line":16,"column":1}},"1":{"start":{"line":19,"column":12},"end":{"line":19,"column":49}},"2":{"start":{"line":19,"column":33},"end":{"line":19,"column":48}},"3":{"start":{"line":20,"column":2},"end":{"line":20,"column":29}},"4":{"start":{"line":27,"column":22},"end":{"line":27,"column":47}},"5":{"start":{"line":30,"column":2},"end":{"line":34,"column":5}},"6":{"start":{"line":31,"column":14},"end":{"line":31,"column":38}},"7":{"start":{"line":32,"column":14},"end":{"line":32,"column":45}},"8":{"start":{"line":33,"column":4},"end":{"line":33,"column":26}},"9":{"start":{"line":38,"column":11},"end":{"line":38,"column":46}},"10":{"start":{"line":39,"column":2},"end":{"line":42,"column":3}},"11":{"start":{"line":40,"column":4},"end":{"line":40,"column":22}},"12":{"start":{"line":41,"column":4},"end":{"line":41,"column":44}},"13":{"start":{"line":43,"column":2},"end":{"line":43,"column":12}},"14":{"start":{"line":48,"column":23},"end":{"line":48,"column":44}},"15":{"start":{"line":49,"column":23},"end":{"line":49,"column":44}},"16":{"start":{"line":52,"column":2},"end":{"line":59,"column":52}},"17":{"start":{"line":53,"column":18},"end":{"line":53,"column":74}},"18":{"start":{"line":54,"column":4},"end":{"line":57,"column":6}},"19":{"start":{"line":58,"column":4},"end":{"line":58,"column":64}},"20":{"start":{"line":63,"column":2},"end":{"line":68,"column":3}},"21":{"start":{"line":64,"column":18},"end":{"line":64,"column":74}},"22":{"start":{"line":65,"column":4},"end":{"line":65,"column":39}},"23":{"start":{"line":67,"column":4},"end":{"line":67,"column":16}},"24":{"start":{"line":72,"column":2},"end":{"line":80,"column":3}},"25":{"start":{"line":73,"column":18},"end":{"line":73,"column":74}},"26":{"start":{"line":74,"column":4},"end":{"line":77,"column":32}},"27":{"start":{"line":75,"column":23},"end":{"line":75,"column":87}},"28":{"start":{"line":76,"column":22},"end":{"line":76,"column":67}},"29":{"start":{"line":77,"column":20},"end":{"line":77,"column":30}},"30":{"start":{"line":79,"column":4},"end":{"line":79,"column":14}},"31":{"start":{"line":84,"column":2},"end":{"line":92,"column":3}},"32":{"start":{"line":85,"column":18},"end":{"line":85,"column":74}},"33":{"start":{"line":86,"column":4},"end":{"line":89,"column":32}},"34":{"start":{"line":87,"column":23},"end":{"line":87,"column":53}},"35":{"start":{"line":88,"column":22},"end":{"line":88,"column":67}},"36":{"start":{"line":89,"column":20},"end":{"line":89,"column":30}},"37":{"start":{"line":91,"column":4},"end":{"line":91,"column":14}},"38":{"start":{"line":96,"column":2},"end":{"line":98,"column":26}},"39":{"start":{"line":97,"column":4},"end":{"line":97,"column":44}},"40":{"start":{"line":104,"column":2},"end":{"line":111,"column":52}},"41":{"start":{"line":105,"column":18},"end":{"line":105,"column":74}},"42":{"start":{"line":106,"column":4},"end":{"line":109,"column":6}},"43":{"start":{"line":110,"column":4},"end":{"line":110,"column":64}},"44":{"start":{"line":115,"column":2},"end":{"line":120,"column":3}},"45":{"start":{"line":116,"column":18},"end":{"line":116,"column":74}},"46":{"start":{"line":117,"column":4},"end":{"line":117,"column":39}},"47":{"start":{"line":119,"column":4},"end":{"line":119,"column":16}},"48":{"start":{"line":124,"column":2},"end":{"line":131,"column":3}},"49":{"start":{"line":125,"column":18},"end":{"line":125,"column":74}},"50":{"start":{"line":126,"column":4},"end":{"line":128,"column":70}},"51":{"start":{"line":127,"column":22},"end":{"line":127,"column":67}},"52":{"start":{"line":128,"column":21},"end":{"line":128,"column":67}},"53":{"start":{"line":130,"column":4},"end":{"line":130,"column":14}},"54":{"start":{"line":135,"column":2},"end":{"line":146,"column":26}},"55":{"start":{"line":136,"column":18},"end":{"line":136,"column":74}},"56":{"start":{"line":137,"column":4},"end":{"line":137,"column":25}},"57":{"start":{"line":138,"column":4},"end":{"line":138,"column":64}},"58":{"start":{"line":140,"column":22},"end":{"line":140,"column":78}},"59":{"start":{"line":141,"column":20},"end":{"line":141,"column":22}},"60":{"start":{"line":142,"column":4},"end":{"line":144,"column":5}},"61":{"start":{"line":143,"column":6},"end":{"line":143,"column":53}},"62":{"start":{"line":143,"column":38},"end":{"line":143,"column":53}},"63":{"start":{"line":145,"column":4},"end":{"line":145,"column":66}},"64":{"start":{"line":150,"column":2},"end":{"line":155,"column":3}},"65":{"start":{"line":151,"column":18},"end":{"line":151,"column":74}},"66":{"start":{"line":152,"column":4},"end":{"line":152,"column":87}},"67":{"start":{"line":152,"column":48},"end":{"line":152,"column":78}},"68":{"start":{"line":154,"column":4},"end":{"line":154,"column":13}}},"fnMap":{"0":{"name":"getCurrencySymbol","decl":{"start":{"line":18,"column":16},"end":{"line":18,"column":33}},"loc":{"start":{"line":18,"column":40},"end":{"line":21,"column":1}},"line":18},"1":{"name":"(anonymous_1)","decl":{"start":{"line":19,"column":28},"end":{"line":19,"column":29}},"loc":{"start":{"line":19,"column":33},"end":{"line":19,"column":48}},"line":19},"2":{"name":"generateId","decl":{"start":{"line":29,"column":9},"end":{"line":29,"column":19}},"loc":{"start":{"line":29,"column":22},"end":{"line":35,"column":1}},"line":29},"3":{"name":"(anonymous_3)","decl":{"start":{"line":30,"column":65},"end":{"line":30,"column":66}},"loc":{"start":{"line":30,"column":72},"end":{"line":34,"column":3}},"line":30},"4":{"name":"getDeviceId","decl":{"start":{"line":37,"column":16},"end":{"line":37,"column":27}},"loc":{"start":{"line":37,"column":30},"end":{"line":44,"column":1}},"line":37},"5":{"name":"cachePlan","decl":{"start":{"line":51,"column":16},"end":{"line":51,"column":25}},"loc":{"start":{"line":51,"column":32},"end":{"line":60,"column":1}},"line":51},"6":{"name":"getCachedPlan","decl":{"start":{"line":62,"column":16},"end":{"line":62,"column":29}},"loc":{"start":{"line":62,"column":38},"end":{"line":69,"column":1}},"line":62},"7":{"name":"getCachedPlansForPort","decl":{"start":{"line":71,"column":16},"end":{"line":71,"column":37}},"loc":{"start":{"line":71,"column":54},"end":{"line":81,"column":1}},"line":71},"8":{"name":"(anonymous_8)","decl":{"start":{"line":75,"column":14},"end":{"line":75,"column":15}},"loc":{"start":{"line":75,"column":23},"end":{"line":75,"column":87}},"line":75},"9":{"name":"(anonymous_9)","decl":{"start":{"line":76,"column":12},"end":{"line":76,"column":13}},"loc":{"start":{"line":76,"column":22},"end":{"line":76,"column":67}},"line":76},"10":{"name":"(anonymous_10)","decl":{"start":{"line":77,"column":11},"end":{"line":77,"column":12}},"loc":{"start":{"line":77,"column":20},"end":{"line":77,"column":30}},"line":77},"11":{"name":"getCachedPlansForTrip","decl":{"start":{"line":83,"column":16},"end":{"line":83,"column":37}},"loc":{"start":{"line":83,"column":46},"end":{"line":93,"column":1}},"line":83},"12":{"name":"(anonymous_12)","decl":{"start":{"line":87,"column":14},"end":{"line":87,"column":15}},"loc":{"start":{"line":87,"column":23},"end":{"line":87,"column":53}},"line":87},"13":{"name":"(anonymous_13)","decl":{"start":{"line":88,"column":12},"end":{"line":88,"column":13}},"loc":{"start":{"line":88,"column":22},"end":{"line":88,"column":67}},"line":88},"14":{"name":"(anonymous_14)","decl":{"start":{"line":89,"column":11},"end":{"line":89,"column":12}},"loc":{"start":{"line":89,"column":20},"end":{"line":89,"column":30}},"line":89},"15":{"name":"clearPlanCache","decl":{"start":{"line":95,"column":16},"end":{"line":95,"column":30}},"loc":{"start":{"line":95,"column":33},"end":{"line":99,"column":1}},"line":95},"16":{"name":"cacheTrip","decl":{"start":{"line":103,"column":16},"end":{"line":103,"column":25}},"loc":{"start":{"line":103,"column":32},"end":{"line":112,"column":1}},"line":103},"17":{"name":"getCachedTrip","decl":{"start":{"line":114,"column":16},"end":{"line":114,"column":29}},"loc":{"start":{"line":114,"column":38},"end":{"line":121,"column":1}},"line":114},"18":{"name":"getAllCachedTrips","decl":{"start":{"line":123,"column":16},"end":{"line":123,"column":33}},"loc":{"start":{"line":123,"column":36},"end":{"line":132,"column":1}},"line":123},"19":{"name":"(anonymous_19)","decl":{"start":{"line":127,"column":12},"end":{"line":127,"column":13}},"loc":{"start":{"line":127,"column":22},"end":{"line":127,"column":67}},"line":127},"20":{"name":"(anonymous_20)","decl":{"start":{"line":128,"column":11},"end":{"line":128,"column":12}},"loc":{"start":{"line":128,"column":21},"end":{"line":128,"column":67}},"line":128},"21":{"name":"removeCachedTrip","decl":{"start":{"line":134,"column":16},"end":{"line":134,"column":32}},"loc":{"start":{"line":134,"column":41},"end":{"line":147,"column":1}},"line":134},"22":{"name":"getCachedPlanCountForTrip","decl":{"start":{"line":149,"column":16},"end":{"line":149,"column":41}},"loc":{"start":{"line":149,"column":50},"end":{"line":156,"column":1}},"line":149},"23":{"name":"(anonymous_23)","decl":{"start":{"line":152,"column":39},"end":{"line":152,"column":40}},"loc":{"start":{"line":152,"column":48},"end":{"line":152,"column":78}},"line":152}},"branchMap":{"0":{"loc":{"start":{"line":20,"column":9},"end":{"line":20,"column":28}},"type":"cond-expr","locations":[{"start":{"line":20,"column":13},"end":{"line":20,"column":21}},{"start":{"line":20,"column":24},"end":{"line":20,"column":28}}],"line":20},"1":{"loc":{"start":{"line":32,"column":14},"end":{"line":32,"column":45}},"type":"cond-expr","locations":[{"start":{"line":32,"column":26},"end":{"line":32,"column":27}},{"start":{"line":32,"column":30},"end":{"line":32,"column":45}}],"line":32},"2":{"loc":{"start":{"line":39,"column":2},"end":{"line":42,"column":3}},"type":"if","locations":[{"start":{"line":39,"column":2},"end":{"line":42,"column":3}},{"start":{},"end":{}}],"line":39},"3":{"loc":{"start":{"line":53,"column":29},"end":{"line":53,"column":73}},"type":"binary-expr","locations":[{"start":{"line":53,"column":29},"end":{"line":53,"column":65}},{"start":{"line":53,"column":69},"end":{"line":53,"column":73}}],"line":53},"4":{"loc":{"start":{"line":64,"column":29},"end":{"line":64,"column":73}},"type":"binary-expr","locations":[{"start":{"line":64,"column":29},"end":{"line":64,"column":65}},{"start":{"line":64,"column":69},"end":{"line":64,"column":73}}],"line":64},"5":{"loc":{"start":{"line":65,"column":11},"end":{"line":65,"column":38}},"type":"binary-expr","locations":[{"start":{"line":65,"column":11},"end":{"line":65,"column":30}},{"start":{"line":65,"column":34},"end":{"line":65,"column":38}}],"line":65},"6":{"loc":{"start":{"line":73,"column":29},"end":{"line":73,"column":73}},"type":"binary-expr","locations":[{"start":{"line":73,"column":29},"end":{"line":73,"column":65}},{"start":{"line":73,"column":69},"end":{"line":73,"column":73}}],"line":73},"7":{"loc":{"start":{"line":75,"column":23},"end":{"line":75,"column":87}},"type":"binary-expr","locations":[{"start":{"line":75,"column":23},"end":{"line":75,"column":53}},{"start":{"line":75,"column":57},"end":{"line":75,"column":87}}],"line":75},"8":{"loc":{"start":{"line":85,"column":29},"end":{"line":85,"column":73}},"type":"binary-expr","locations":[{"start":{"line":85,"column":29},"end":{"line":85,"column":65}},{"start":{"line":85,"column":69},"end":{"line":85,"column":73}}],"line":85},"9":{"loc":{"start":{"line":105,"column":29},"end":{"line":105,"column":73}},"type":"binary-expr","locations":[{"start":{"line":105,"column":29},"end":{"line":105,"column":65}},{"start":{"line":105,"column":69},"end":{"line":105,"column":73}}],"line":105},"10":{"loc":{"start":{"line":116,"column":29},"end":{"line":116,"column":73}},"type":"binary-expr","locations":[{"start":{"line":116,"column":29},"end":{"line":116,"column":65}},{"start":{"line":116,"column":69},"end":{"line":116,"column":73}}],"line":116},"11":{"loc":{"start":{"line":117,"column":11},"end":{"line":117,"column":38}},"type":"binary-expr","locations":[{"start":{"line":117,"column":11},"end":{"line":117,"column":30}},{"start":{"line":117,"column":34},"end":{"line":117,"column":38}}],"line":117},"12":{"loc":{"start":{"line":125,"column":29},"end":{"line":125,"column":73}},"type":"binary-expr","locations":[{"start":{"line":125,"column":29},"end":{"line":125,"column":65}},{"start":{"line":125,"column":69},"end":{"line":125,"column":73}}],"line":125},"13":{"loc":{"start":{"line":136,"column":29},"end":{"line":136,"column":73}},"type":"binary-expr","locations":[{"start":{"line":136,"column":29},"end":{"line":136,"column":65}},{"start":{"line":136,"column":69},"end":{"line":136,"column":73}}],"line":136},"14":{"loc":{"start":{"line":140,"column":33},"end":{"line":140,"column":77}},"type":"binary-expr","locations":[{"start":{"line":140,"column":33},"end":{"line":140,"column":69}},{"start":{"line":140,"column":73},"end":{"line":140,"column":77}}],"line":140},"15":{"loc":{"start":{"line":143,"column":6},"end":{"line":143,"column":53}},"type":"if","locations":[{"start":{"line":143,"column":6},"end":{"line":143,"column":53}},{"start":{},"end":{}}],"line":143},"16":{"loc":{"start":{"line":151,"column":29},"end":{"line":151,"column":73}},"type":"binary-expr","locations":[{"start":{"line":151,"column":29},"end":{"line":151,"column":65}},{"start":{"line":151,"column":69},"end":{"line":151,"column":73}}],"line":151}},"s":{"0":1,"1":4,"2":20,"3":4,"4":1,"5":1,"6":31,"7":31,"8":31,"9":4,"10":4,"11":1,"12":1,"13":4,"14":1,"15":1,"16":10,"17":10,"18":10,"19":10,"20":5,"21":5,"22":5,"23":0,"24":1,"25":1,"26":1,"27":2,"28":0,"29":1,"30":0,"31":1,"32":1,"33":1,"34":2,"35":1,"36":2,"37":0,"38":1,"39":1,"40":5,"41":5,"42":5,"43":5,"44":3,"45":3,"46":3,"47":0,"48":1,"49":1,"50":1,"51":1,"52":2,"53":0,"54":1,"55":1,"56":1,"57":1,"58":1,"59":1,"60":1,"61":2,"62":1,"63":1,"64":1,"65":1,"66":1,"67":2,"68":0},"f":{"0":4,"1":20,"2":1,"3":31,"4":4,"5":10,"6":5,"7":1,"8":2,"9":0,"10":1,"11":1,"12":2,"13":1,"14":2,"15":1,"16":5,"17":3,"18":1,"19":1,"20":2,"21":1,"22":1,"23":2},"b":{"0":[3,1],"1":[30,1],"2":[1,3],"3":[10,2],"4":[5,1],"5":[5,4],"6":[1,0],"7":[2,2],"8":[1,0],"9":[5,1],"10":[3,0],"11":[3,2],"12":[1,0],"13":[1,0],"14":[1,0],"15":[1,1],"16":[1,0]},"_coverageSchema":"1a1c01bbd47fc00a2c39e90264f33305004495a9","hash":"79359a56f7b5969a400b0bbad307962a15c710d5"}
,"/home/runner/work/cruise-planner/cruise-planner/frontend/src/components/ActivityCard.js": {"path":"/home/runner/work/cruise-planner/cruise-planner/frontend/src/components/ActivityCard.js","statementMap":{"0":{"start":{"line":5,"column":2},"end":{"line":78,"column":4}}},"fnMap":{"0":{"name":"ActivityCard","decl":{"start":{"line":4,"column":24},"end":{"line":4,"column":36}},"loc":{"start":{"line":4,"column":75},"end":{"line":79,"column":1}},"line":4}},"branchMap":{"0":{"loc":{"start":{"line":13,"column":11},"end":{"line":15,"column":11}},"type":"binary-expr","locations":[{"start":{"line":13,"column":11},"end":{"line":13,"column":18}},{"start":{"line":14,"column":12},"end":{"line":14,"column":75}}],"line":13},"1":{"loc":{"start":{"line":30,"column":13},"end":{"line":35,"column":13}},"type":"binary-expr","locations":[{"start":{"line":30,"column":13},"end":{"line":30,"column":30}},{"start":{"line":31,"column":14},"end":{"line":34,"column":20}}],"line":30},"2":{"loc":{"start":{"line":36,"column":13},"end":{"line":41,"column":13}},"type":"binary-expr","locations":[{"start":{"line":36,"column":13},"end":{"line":36,"column":38}},{"start":{"line":37,"column":14},"end":{"line":40,"column":20}}],"line":36},"3":{"loc":{"start":{"line":42,"column":13},"end":{"line":47,"column":13}},"type":"binary-expr","locations":[{"start":{"line":42,"column":13},"end":{"line":42,"column":35}},{"start":{"line":43,"column":14},"end":{"line":46,"column":20}}],"line":42},"4":{"loc":{"start":{"line":50,"column":11},"end":{"line":54,"column":11}},"type":"binary-expr","locations":[{"start":{"line":50,"column":11},"end":{"line":50,"column":24}},{"start":{"line":51,"column":12},"end":{"line":53,"column":16}}],"line":50},"5":{"loc":{"start":{"line":56,"column":11},"end":{"line":67,"column":11}},"type":"binary-expr","locations":[{"start":{"line":56,"column":11},"end":{"line":56,"column":31}},{"start":{"line":57,"column":12},"end":{"line":66,"column":16}}],"line":56},"6":{"loc":{"start":{"line":69,"column":11},"end":{"line":74,"column":11}},"type":"binary-expr","locations":[{"start":{"line":69,"column":11},"end":{"line":69,"column":18}},{"start":{"line":69,"column":22},"end":{"line":69,"column":48}},{"start":{"line":70,"column":12},"end":{"line":73,"column":18}}],"line":69}},"s":{"0":0},"f":{"0":0},"b":{"0":[0,0],"1":[0,0],"2":[0,0],"3":[0,0],"4":[0,0],"5":[0,0],"6":[0,0,0]}}
,"/home/runner/work/cruise-planner/cruise-planner/frontend/src/components/Layout.js": {"path":"/home/runner/work/cruise-planner/cruise-planner/frontend/src/components/Layout.js","statementMap":{"0":{"start":{"line":6,"column":17},"end":{"line":11,"column":1}},"1":{"start":{"line":14,"column":19},"end":{"line":14,"column":32}},"2":{"start":{"line":16,"column":2},"end":{"line":97,"column":4}},"3":{"start":{"line":28,"column":25},"end":{"line":28,"column":34}},"4":{"start":{"line":29,"column":27},"end":{"line":29,"column":58}},"5":{"start":{"line":30,"column":12},"end":{"line":44,"column":14}},"6":{"start":{"line":78,"column":25},"end":{"line":78,"column":34}},"7":{"start":{"line":79,"column":27},"end":{"line":79,"column":58}},"8":{"start":{"line":80,"column":12},"end":{"line":92,"column":14}}},"fnMap":{"0":{"name":"Layout","decl":{"start":{"line":13,"column":24},"end":{"line":13,"column":30}},"loc":{"start":{"line":13,"column":45},"end":{"line":98,"column":1}},"line":13},"1":{"name":"(anonymous_1)","decl":{"start":{"line":27,"column":24},"end":{"line":27,"column":25}},"loc":{"start":{"line":27,"column":34},"end":{"line":45,"column":11}},"line":27},"2":{"name":"(anonymous_2)","decl":{"start":{"line":77,"column":24},"end":{"line":77,"column":25}},"loc":{"start":{"line":77,"column":34},"end":{"line":93,"column":11}},"line":77}},"branchMap":{"0":{"loc":{"start":{"line":36,"column":18},"end":{"line":38,"column":72}},"type":"cond-expr","locations":[{"start":{"line":37,"column":22},"end":{"line":37,"column":46}},{"start":{"line":38,"column":22},"end":{"line":38,"column":72}}],"line":36},"1":{"loc":{"start":{"line":86,"column":18},"end":{"line":86,"column":80}},"type":"cond-expr","locations":[{"start":{"line":86,"column":27},"end":{"line":86,"column":40}},{"start":{"line":86,"column":43},"end":{"line":86,"column":80}}],"line":86},"2":{"loc":{"start":{"line":89,"column":55},"end":{"line":89,"column":71}},"type":"cond-expr","locations":[{"start":{"line":89,"column":64},"end":{"line":89,"column":67}},{"start":{"line":89,"column":70},"end":{"line":89,"column":71}}],"line":89}},"s":{"0":0,"1":0,"2":0,"3":0,"4":0,"5":0,"6":0,"7":0,"8":0},"f":{"0":0,"1":0,"2":0},"b":{"0":[0,0],"1":[0,0],"2":[0,0]}}
,"/home/runner/work/cruise-planner/cruise-planner/frontend/src/components/MapView.js": {"path":"/home/runner/work/cruise-planner/cruise-planner/frontend/src/components/MapView.js","statementMap":{"0":{"start":{"line":6,"column":0},"end":{"line":6,"column":44}},"1":{"start":{"line":7,"column":0},"end":{"line":11,"column":3}},"2":{"start":{"line":13,"column":17},"end":{"line":18,"column":2}},"3":{"start":{"line":20,"column":21},"end":{"line":25,"column":2}},"4":{"start":{"line":20,"column":32},"end":{"line":25,"column":2}},"5":{"start":{"line":28,"column":2},"end":{"line":28,"column":51}},"6":{"start":{"line":28,"column":39},"end":{"line":28,"column":51}},"7":{"start":{"line":30,"column":17},"end":{"line":30,"column":46}},"8":{"start":{"line":31,"column":20},"end":{"line":31,"column":22}},"9":{"start":{"line":33,"column":2},"end":{"line":41,"column":3}},"10":{"start":{"line":34,"column":4},"end":{"line":34,"column":27}},"11":{"start":{"line":35,"column":4},"end":{"line":39,"column":7}},"12":{"start":{"line":36,"column":6},"end":{"line":38,"column":7}},"13":{"start":{"line":37,"column":8},"end":{"line":37,"column":50}},"14":{"start":{"line":40,"column":4},"end":{"line":40,"column":27}},"15":{"start":{"line":43,"column":17},"end":{"line":45,"column":38}},"16":{"start":{"line":47,"column":2},"end":{"line":89,"column":4}},"17":{"start":{"line":69,"column":10},"end":{"line":77,"column":18}}},"fnMap":{"0":{"name":"(anonymous_0)","decl":{"start":{"line":20,"column":21},"end":{"line":20,"column":22}},"loc":{"start":{"line":20,"column":32},"end":{"line":25,"column":2}},"line":20},"1":{"name":"MapView","decl":{"start":{"line":27,"column":24},"end":{"line":27,"column":31}},"loc":{"start":{"line":27,"column":93},"end":{"line":90,"column":1}},"line":27},"2":{"name":"(anonymous_2)","decl":{"start":{"line":35,"column":23},"end":{"line":35,"column":24}},"loc":{"start":{"line":35,"column":30},"end":{"line":39,"column":5}},"line":35},"3":{"name":"(anonymous_3)","decl":{"start":{"line":68,"column":38},"end":{"line":68,"column":39}},"loc":{"start":{"line":69,"column":10},"end":{"line":77,"column":18}},"line":69}},"branchMap":{"0":{"loc":{"start":{"line":27,"column":75},"end":{"line":27,"column":89}},"type":"default-arg","locations":[{"start":{"line":27,"column":87},"end":{"line":27,"column":89}}],"line":27},"1":{"loc":{"start":{"line":28,"column":2},"end":{"line":28,"column":51}},"type":"if","locations":[{"start":{"line":28,"column":2},"end":{"line":28,"column":51}},{"start":{},"end":{}}],"line":28},"2":{"loc":{"start":{"line":28,"column":6},"end":{"line":28,"column":37}},"type":"binary-expr","locations":[{"start":{"line":28,"column":6},"end":{"line":28,"column":19}},{"start":{"line":28,"column":23},"end":{"line":28,"column":37}}],"line":28},"3":{"loc":{"start":{"line":33,"column":2},"end":{"line":41,"column":3}},"type":"if","locations":[{"start":{"line":33,"column":2},"end":{"line":41,"column":3}},{"start":{},"end":{}}],"line":33},"4":{"loc":{"start":{"line":33,"column":6},"end":{"line":33,"column":41}},"type":"binary-expr","locations":[{"start":{"line":33,"column":6},"end":{"line":33,"column":16}},{"start":{"line":33,"column":20},"end":{"line":33,"column":41}}],"line":33},"5":{"loc":{"start":{"line":36,"column":6},"end":{"line":38,"column":7}},"type":"if","locations":[{"start":{"line":36,"column":6},"end":{"line":38,"column":7}},{"start":{},"end":{}}],"line":36},"6":{"loc":{"start":{"line":36,"column":10},"end":{"line":36,"column":35}},"type":"binary-expr","locations":[{"start":{"line":36,"column":10},"end":{"line":36,"column":20}},{"start":{"line":36,"column":24},"end":{"line":36,"column":35}}],"line":36},"7":{"loc":{"start":{"line":43,"column":17},"end":{"line":45,"column":38}},"type":"cond-expr","locations":[{"start":{"line":44,"column":6},"end":{"line":44,"column":31}},{"start":{"line":45,"column":6},"end":{"line":45,"column":38}}],"line":43},"8":{"loc":{"start":{"line":68,"column":9},"end":{"line":78,"column":10}},"type":"binary-expr","locations":[{"start":{"line":68,"column":9},"end":{"line":68,"column":19}},{"start":{"line":68,"column":23},"end":{"line":78,"column":10}}],"line":68},"9":{"loc":{"start":{"line":69,"column":10},"end":{"line":77,"column":18}},"type":"cond-expr","locations":[{"start":{"line":70,"column":12},"end":{"line":76,"column":21}},{"start":{"line":77,"column":14},"end":{"line":77,"column":18}}],"line":69},"10":{"loc":{"start":{"line":69,"column":10},"end":{"line":69,"column":35}},"type":"binary-expr","locations":[{"start":{"line":69,"column":10},"end":{"line":69,"column":20}},{"start":{"line":69,"column":24},"end":{"line":69,"column":35}}],"line":69},"11":{"loc":{"start":{"line":70,"column":84},"end":{"line":70,"column":100}},"type":"binary-expr","locations":[{"start":{"line":70,"column":84},"end":{"line":70,"column":91}},{"start":{"line":70,"column":95},"end":{"line":70,"column":100}}],"line":70},"12":{"loc":{"start":{"line":81,"column":9},"end":{"line":86,"column":9}},"type":"binary-expr","locations":[{"start":{"line":81,"column":9},"end":{"line":81,"column":29}},{"start":{"line":82,"column":10},"end":{"line":85,"column":12}}],"line":81}},"s":{"0":0,"1":0,"2":0,"3":0,"4":0,"5":0,"6":0,"7":0,"8":0,"9":0,"10":0,"11":0,"12":0,"13":0,"14":0,"15":0,"16":0,"17":0},"f":{"0":0,"1":0,"2":0,"3":0},"b":{"0":[0],"1":[0,0],"2":[0,0],"3":[0,0],"4":[0,0],"5":[0,0],"6":[0,0],"7":[0,0],"8":[0,0],"9":[0,0],"10":[0,0],"11":[0,0],"12":[0,0]}}
,"/home/runner/work/cruise-planner/cruise-planner/frontend/src/components/WeatherCard.js": {"path":"/home/runner/work/cruise-planner/cruise-planner/frontend/src/components/WeatherCard.js","statementMap":{"0":{"start":{"line":4,"column":23},"end":{"line":24,"column":1}},"1":{"start":{"line":27,"column":2},"end":{"line":27,"column":28}},"2":{"start":{"line":27,"column":16},"end":{"line":27,"column":28}},"3":{"start":{"line":29,"column":15},"end":{"line":29,"column":44}},"4":{"start":{"line":30,"column":15},"end":{"line":30,"column":72}},"5":{"start":{"line":31,"column":22},"end":{"line":31,"column":31}},"6":{"start":{"line":33,"column":2},"end":{"line":70,"column":4}}},"fnMap":{"0":{"name":"WeatherCard","decl":{"start":{"line":26,"column":24},"end":{"line":26,"column":35}},"loc":{"start":{"line":26,"column":49},"end":{"line":71,"column":1}},"line":26}},"branchMap":{"0":{"loc":{"start":{"line":27,"column":2},"end":{"line":27,"column":28}},"type":"if","locations":[{"start":{"line":27,"column":2},"end":{"line":27,"column":28}},{"start":{},"end":{}}],"line":27},"1":{"loc":{"start":{"line":29,"column":15},"end":{"line":29,"column":44}},"type":"binary-expr","locations":[{"start":{"line":29,"column":15},"end":{"line":29,"column":39}},{"start":{"line":29,"column":43},"end":{"line":29,"column":44}}],"line":29},"2":{"loc":{"start":{"line":30,"column":15},"end":{"line":30,"column":72}},"type":"binary-expr","locations":[{"start":{"line":30,"column":15},"end":{"line":30,"column":35}},{"start":{"line":30,"column":39},"end":{"line":30,"column":72}}],"line":30}},"s":{"0":1,"1":6,"2":6,"3":0,"4":0,"5":0,"6":0},"f":{"0":6},"b":{"0":[6,0],"1":[0,0],"2":[0,0]},"_coverageSchema":"1a1c01bbd47fc00a2c39e90264f33305004495a9","hash":"3ed04b87fcd4f7ef58859a26fcba9ca4197780a9"}
,"/home/runner/work/cruise-planner/cruise-planner/frontend/src/pages/DayPlanView.js": {"path":"/home/runner/work/cruise-planner/cruise-planner/frontend/src/pages/DayPlanView.js","statementMap":{"0":{"start":{"line":10,"column":12},"end":{"line":10,"column":45}},"1":{"start":{"line":13,"column":21},"end":{"line":13,"column":32}},"2":{"start":{"line":14,"column":26},"end":{"line":14,"column":40}},"3":{"start":{"line":15,"column":32},"end":{"line":15,"column":46}},"4":{"start":{"line":16,"column":36},"end":{"line":16,"column":51}},"5":{"start":{"line":18,"column":2},"end":{"line":41,"column":15}},"6":{"start":{"line":20,"column":19},"end":{"line":20,"column":40}},"7":{"start":{"line":21,"column":4},"end":{"line":40,"column":5}},"8":{"start":{"line":22,"column":6},"end":{"line":22,"column":22}},"9":{"start":{"line":23,"column":6},"end":{"line":23,"column":25}},"10":{"start":{"line":24,"column":6},"end":{"line":24,"column":24}},"11":{"start":{"line":26,"column":6},"end":{"line":31,"column":55}},"12":{"start":{"line":28,"column":10},"end":{"line":28,"column":28}},"13":{"start":{"line":29,"column":10},"end":{"line":29,"column":30}},"14":{"start":{"line":33,"column":6},"end":{"line":39,"column":42}},"15":{"start":{"line":35,"column":10},"end":{"line":35,"column":28}},"16":{"start":{"line":36,"column":10},"end":{"line":36,"column":30}},"17":{"start":{"line":38,"column":21},"end":{"line":38,"column":49}},"18":{"start":{"line":39,"column":23},"end":{"line":39,"column":40}},"19":{"start":{"line":43,"column":26},"end":{"line":52,"column":3}},"20":{"start":{"line":44,"column":4},"end":{"line":44,"column":48}},"21":{"start":{"line":44,"column":41},"end":{"line":44,"column":48}},"22":{"start":{"line":45,"column":17},"end":{"line":45,"column":76}},"23":{"start":{"line":45,"column":50},"end":{"line":45,"column":75}},"24":{"start":{"line":46,"column":4},"end":{"line":46,"column":34}},"25":{"start":{"line":46,"column":27},"end":{"line":46,"column":34}},"26":{"start":{"line":47,"column":19},"end":{"line":47,"column":93}},"27":{"start":{"line":48,"column":17},"end":{"line":48,"column":23}},"28":{"start":{"line":49,"column":22},"end":{"line":49,"column":86}},"29":{"start":{"line":49,"column":45},"end":{"line":49,"column":75}},"30":{"start":{"line":50,"column":16},"end":{"line":50,"column":135}},"31":{"start":{"line":51,"column":4},"end":{"line":51,"column":31}},"32":{"start":{"line":54,"column":2},"end":{"line":60,"column":3}},"33":{"start":{"line":55,"column":4},"end":{"line":59,"column":6}},"34":{"start":{"line":62,"column":2},"end":{"line":69,"column":3}},"35":{"start":{"line":63,"column":4},"end":{"line":68,"column":6}},"36":{"start":{"line":71,"column":18},"end":{"line":71,"column":27}},"37":{"start":{"line":72,"column":21},"end":{"line":72,"column":45}},"38":{"start":{"line":73,"column":24},"end":{"line":73,"column":43}},"39":{"start":{"line":74,"column":23},"end":{"line":74,"column":58}},"40":{"start":{"line":75,"column":25},"end":{"line":75,"column":56}},"41":{"start":{"line":77,"column":2},"end":{"line":209,"column":4}},"42":{"start":{"line":167,"column":14},"end":{"line":167,"column":127}},"43":{"start":{"line":181,"column":20},"end":{"line":184,"column":25}},"44":{"start":{"line":197,"column":20},"end":{"line":200,"column":25}}},"fnMap":{"0":{"name":"DayPlanView","decl":{"start":{"line":12,"column":24},"end":{"line":12,"column":35}},"loc":{"start":{"line":12,"column":38},"end":{"line":210,"column":1}},"line":12},"1":{"name":"(anonymous_1)","decl":{"start":{"line":18,"column":12},"end":{"line":18,"column":13}},"loc":{"start":{"line":18,"column":18},"end":{"line":41,"column":3}},"line":18},"2":{"name":"(anonymous_2)","decl":{"start":{"line":27,"column":14},"end":{"line":27,"column":15}},"loc":{"start":{"line":27,"column":21},"end":{"line":30,"column":9}},"line":27},"3":{"name":"(anonymous_3)","decl":{"start":{"line":31,"column":15},"end":{"line":31,"column":16}},"loc":{"start":{"line":31,"column":21},"end":{"line":31,"column":53}},"line":31},"4":{"name":"(anonymous_4)","decl":{"start":{"line":34,"column":14},"end":{"line":34,"column":15}},"loc":{"start":{"line":34,"column":21},"end":{"line":37,"column":9}},"line":34},"5":{"name":"(anonymous_5)","decl":{"start":{"line":38,"column":15},"end":{"line":38,"column":16}},"loc":{"start":{"line":38,"column":21},"end":{"line":38,"column":49}},"line":38},"6":{"name":"(anonymous_6)","decl":{"start":{"line":39,"column":17},"end":{"line":39,"column":18}},"loc":{"start":{"line":39,"column":23},"end":{"line":39,"column":40}},"line":39},"7":{"name":"(anonymous_7)","decl":{"start":{"line":43,"column":26},"end":{"line":43,"column":27}},"loc":{"start":{"line":43,"column":32},"end":{"line":52,"column":3}},"line":43},"8":{"name":"(anonymous_8)","decl":{"start":{"line":45,"column":45},"end":{"line":45,"column":46}},"loc":{"start":{"line":45,"column":50},"end":{"line":45,"column":75}},"line":45},"9":{"name":"(anonymous_9)","decl":{"start":{"line":49,"column":40},"end":{"line":49,"column":41}},"loc":{"start":{"line":49,"column":45},"end":{"line":49,"column":75}},"line":49},"10":{"name":"(anonymous_10)","decl":{"start":{"line":166,"column":28},"end":{"line":166,"column":29}},"loc":{"start":{"line":167,"column":14},"end":{"line":167,"column":127}},"line":167},"11":{"name":"(anonymous_11)","decl":{"start":{"line":180,"column":51},"end":{"line":180,"column":52}},"loc":{"start":{"line":181,"column":20},"end":{"line":184,"column":25}},"line":181},"12":{"name":"(anonymous_12)","decl":{"start":{"line":196,"column":43},"end":{"line":196,"column":44}},"loc":{"start":{"line":197,"column":20},"end":{"line":200,"column":25}},"line":197}},"branchMap":{"0":{"loc":{"start":{"line":21,"column":4},"end":{"line":40,"column":5}},"type":"if","locations":[{"start":{"line":21,"column":4},"end":{"line":40,"column":5}},{"start":{"line":32,"column":11},"end":{"line":40,"column":5}}],"line":21},"1":{"loc":{"start":{"line":44,"column":4},"end":{"line":44,"column":48}},"type":"if","locations":[{"start":{"line":44,"column":4},"end":{"line":44,"column":48}},{"start":{},"end":{}}],"line":44},"2":{"loc":{"start":{"line":45,"column":50},"end":{"line":45,"column":75}},"type":"binary-expr","locations":[{"start":{"line":45,"column":50},"end":{"line":45,"column":60}},{"start":{"line":45,"column":64},"end":{"line":45,"column":75}}],"line":45},"3":{"loc":{"start":{"line":46,"column":4},"end":{"line":46,"column":34}},"type":"if","locations":[{"start":{"line":46,"column":4},"end":{"line":46,"column":34}},{"start":{},"end":{}}],"line":46},"4":{"loc":{"start":{"line":54,"column":2},"end":{"line":60,"column":3}},"type":"if","locations":[{"start":{"line":54,"column":2},"end":{"line":60,"column":3}},{"start":{},"end":{}}],"line":54},"5":{"loc":{"start":{"line":62,"column":2},"end":{"line":69,"column":3}},"type":"if","locations":[{"start":{"line":62,"column":2},"end":{"line":69,"column":3}},{"start":{},"end":{}}],"line":62},"6":{"loc":{"start":{"line":62,"column":6},"end":{"line":62,"column":25}},"type":"binary-expr","locations":[{"start":{"line":62,"column":6},"end":{"line":62,"column":11}},{"start":{"line":62,"column":15},"end":{"line":62,"column":25}}],"line":62},"7":{"loc":{"start":{"line":72,"column":21},"end":{"line":72,"column":45}},"type":"binary-expr","locations":[{"start":{"line":72,"column":21},"end":{"line":72,"column":39}},{"start":{"line":72,"column":43},"end":{"line":72,"column":45}}],"line":72},"8":{"loc":{"start":{"line":74,"column":23},"end":{"line":74,"column":58}},"type":"binary-expr","locations":[{"start":{"line":74,"column":23},"end":{"line":74,"column":49}},{"start":{"line":74,"column":53},"end":{"line":74,"column":58}}],"line":74},"9":{"loc":{"start":{"line":88,"column":7},"end":{"line":93,"column":7}},"type":"binary-expr","locations":[{"start":{"line":88,"column":7},"end":{"line":88,"column":16}},{"start":{"line":89,"column":8},"end":{"line":92,"column":14}}],"line":88},"10":{"loc":{"start":{"line":95,"column":7},"end":{"line":207,"column":7}},"type":"cond-expr","locations":[{"start":{"line":96,"column":8},"end":{"line":100,"column":14}},{"start":{"line":102,"column":8},"end":{"line":206,"column":11}}],"line":95},"11":{"loc":{"start":{"line":173,"column":13},"end":{"line":188,"column":13}},"type":"binary-expr","locations":[{"start":{"line":173,"column":13},"end":{"line":173,"column":52}},{"start":{"line":174,"column":14},"end":{"line":187,"column":20}}],"line":173},"12":{"loc":{"start":{"line":189,"column":13},"end":{"line":204,"column":13}},"type":"binary-expr","locations":[{"start":{"line":189,"column":13},"end":{"line":189,"column":44}},{"start":{"line":190,"column":14},"end":{"line":203,"column":20}}],"line":189}},"s":{"0":0,"1":0,"2":0,"3":0,"4":0,"5":0,"6":0,"7":0,"8":0,"9":0,"10":0,"11":0,"12":0,"13":0,"14":0,"15":0,"16":0,"17":0,"18":0,"19":0,"20":0,"21":0,"22":0,"23":0,"24":0,"25":0,"26":0,"27":0,"28":0,"29":0,"30":0,"31":0,"32":0,"33":0,"34":0,"35":0,"36":0,"37":0,"38":0,"39":0,"40":0,"41":0,"42":0,"43":0,"44":0},"f":{"0":0,"1":0,"2":0,"3":0,"4":0,"5":0,"6":0,"7":0,"8":0,"9":0,"10":0,"11":0,"12":0},"b":{"0":[0,0],"1":[0,0],"2":[0,0],"3":[0,0],"4":[0,0],"5":[0,0],"6":[0,0],"7":[0,0],"8":[0,0],"9":[0,0],"10":[0,0],"11":[0,0],"12":[0,0]}}
,"/home/runner/work/cruise-planner/cruise-planner/frontend/src/pages/Landing.js": {"path":"/home/runner/work/cruise-planner/cruise-planner/frontend/src/pages/Landing.js","statementMap":{"0":{"start":{"line":6,"column":17},"end":{"line":11,"column":1}},"1":{"start":{"line":14,"column":2},"end":{"line":112,"column":4}},"2":{"start":{"line":70,"column":25},"end":{"line":70,"column":31}},"3":{"start":{"line":71,"column":12},"end":{"line":87,"column":14}}},"fnMap":{"0":{"name":"Landing","decl":{"start":{"line":13,"column":24},"end":{"line":13,"column":31}},"loc":{"start":{"line":13,"column":34},"end":{"line":113,"column":1}},"line":13},"1":{"name":"(anonymous_1)","decl":{"start":{"line":69,"column":24},"end":{"line":69,"column":25}},"loc":{"start":{"line":69,"column":34},"end":{"line":88,"column":11}},"line":69}},"branchMap":{},"s":{"0":1,"1":7,"2":28,"3":28},"f":{"0":7,"1":28},"b":{},"_coverageSchema":"1a1c01bbd47fc00a2c39e90264f33305004495a9","hash":"6897c759b2f74c4fe29a1bffec7aa5853a85adb0"}
,"/home/runner/work/cruise-planner/cruise-planner/frontend/src/pages/MyTrips.js": {"path":"/home/runner/work/cruise-planner/cruise-planner/frontend/src/pages/MyTrips.js","statementMap":{"0":{"start":{"line":8,"column":12},"end":{"line":8,"column":45}},"1":{"start":{"line":11,"column":28},"end":{"line":11,"column":40}},"2":{"start":{"line":12,"column":32},"end":{"line":12,"column":46}},"3":{"start":{"line":13,"column":42},"end":{"line":13,"column":56}},"4":{"start":{"line":15,"column":2},"end":{"line":42,"column":9}},"5":{"start":{"line":16,"column":24},"end":{"line":16,"column":43}},"6":{"start":{"line":18,"column":4},"end":{"line":41,"column":40}},"7":{"start":{"line":20,"column":28},"end":{"line":20,"column":36}},"8":{"start":{"line":21,"column":8},"end":{"line":21,"column":30}},"9":{"start":{"line":24,"column":8},"end":{"line":24,"column":47}},"10":{"start":{"line":24,"column":33},"end":{"line":24,"column":45}},"11":{"start":{"line":27,"column":26},"end":{"line":27,"column":66}},"12":{"start":{"line":27,"column":55},"end":{"line":27,"column":64}},"13":{"start":{"line":28,"column":27},"end":{"line":28,"column":77}},"14":{"start":{"line":28,"column":51},"end":{"line":28,"column":76}},"15":{"start":{"line":30,"column":23},"end":{"line":33,"column":9}},"16":{"start":{"line":31,"column":35},"end":{"line":31,"column":62}},"17":{"start":{"line":32,"column":34},"end":{"line":32,"column":65}},"18":{"start":{"line":34,"column":8},"end":{"line":34,"column":25}},"19":{"start":{"line":38,"column":8},"end":{"line":38,"column":31}},"20":{"start":{"line":39,"column":8},"end":{"line":39,"column":74}},"21":{"start":{"line":39,"column":39},"end":{"line":39,"column":70}},"22":{"start":{"line":41,"column":21},"end":{"line":41,"column":38}},"23":{"start":{"line":44,"column":2},"end":{"line":50,"column":3}},"24":{"start":{"line":45,"column":4},"end":{"line":49,"column":6}},"25":{"start":{"line":52,"column":2},"end":{"line":165,"column":4}},"26":{"start":{"line":96,"column":30},"end":{"line":96,"column":69}},"27":{"start":{"line":97,"column":12},"end":{"line":160,"column":14}}},"fnMap":{"0":{"name":"MyTrips","decl":{"start":{"line":10,"column":24},"end":{"line":10,"column":31}},"loc":{"start":{"line":10,"column":34},"end":{"line":166,"column":1}},"line":10},"1":{"name":"(anonymous_1)","decl":{"start":{"line":15,"column":12},"end":{"line":15,"column":13}},"loc":{"start":{"line":15,"column":18},"end":{"line":42,"column":3}},"line":15},"2":{"name":"(anonymous_2)","decl":{"start":{"line":19,"column":12},"end":{"line":19,"column":13}},"loc":{"start":{"line":19,"column":19},"end":{"line":35,"column":7}},"line":19},"3":{"name":"(anonymous_3)","decl":{"start":{"line":24,"column":28},"end":{"line":24,"column":29}},"loc":{"start":{"line":24,"column":33},"end":{"line":24,"column":45}},"line":24},"4":{"name":"(anonymous_4)","decl":{"start":{"line":27,"column":50},"end":{"line":27,"column":51}},"loc":{"start":{"line":27,"column":55},"end":{"line":27,"column":64}},"line":27},"5":{"name":"(anonymous_5)","decl":{"start":{"line":28,"column":46},"end":{"line":28,"column":47}},"loc":{"start":{"line":28,"column":51},"end":{"line":28,"column":76}},"line":28},"6":{"name":"(anonymous_6)","decl":{"start":{"line":31,"column":29},"end":{"line":31,"column":30}},"loc":{"start":{"line":31,"column":35},"end":{"line":31,"column":62}},"line":31},"7":{"name":"(anonymous_7)","decl":{"start":{"line":32,"column":28},"end":{"line":32,"column":29}},"loc":{"start":{"line":32,"column":34},"end":{"line":32,"column":65}},"line":32},"8":{"name":"(anonymous_8)","decl":{"start":{"line":36,"column":13},"end":{"line":36,"column":14}},"loc":{"start":{"line":36,"column":19},"end":{"line":40,"column":7}},"line":36},"9":{"name":"(anonymous_9)","decl":{"start":{"line":39,"column":33},"end":{"line":39,"column":34}},"loc":{"start":{"line":39,"column":39},"end":{"line":39,"column":70}},"line":39},"10":{"name":"(anonymous_10)","decl":{"start":{"line":41,"column":15},"end":{"line":41,"column":16}},"loc":{"start":{"line":41,"column":21},"end":{"line":41,"column":38}},"line":41},"11":{"name":"(anonymous_11)","decl":{"start":{"line":95,"column":21},"end":{"line":95,"column":22}},"loc":{"start":{"line":95,"column":34},"end":{"line":161,"column":11}},"line":95}},"branchMap":{"0":{"loc":{"start":{"line":44,"column":2},"end":{"line":50,"column":3}},"type":"if","locations":[{"start":{"line":44,"column":2},"end":{"line":50,"column":3}},{"start":{},"end":{}}],"line":44},"1":{"loc":{"start":{"line":70,"column":7},"end":{"line":75,"column":7}},"type":"binary-expr","locations":[{"start":{"line":70,"column":7},"end":{"line":70,"column":20}},{"start":{"line":71,"column":8},"end":{"line":74,"column":14}}],"line":70},"2":{"loc":{"start":{"line":77,"column":7},"end":{"line":163,"column":7}},"type":"cond-expr","locations":[{"start":{"line":78,"column":8},"end":{"line":92,"column":14}},{"start":{"line":94,"column":8},"end":{"line":162,"column":14}}],"line":77},"3":{"loc":{"start":{"line":117,"column":23},"end":{"line":119,"column":23}},"type":"binary-expr","locations":[{"start":{"line":117,"column":23},"end":{"line":117,"column":39}},{"start":{"line":118,"column":24},"end":{"line":118,"column":91}}],"line":117},"4":{"loc":{"start":{"line":125,"column":23},"end":{"line":125,"column":46}},"type":"binary-expr","locations":[{"start":{"line":125,"column":23},"end":{"line":125,"column":41}},{"start":{"line":125,"column":45},"end":{"line":125,"column":46}}],"line":125},"5":{"loc":{"start":{"line":131,"column":21},"end":{"line":136,"column":21}},"type":"binary-expr","locations":[{"start":{"line":131,"column":21},"end":{"line":131,"column":34}},{"start":{"line":132,"column":22},"end":{"line":135,"column":28}}],"line":131},"6":{"loc":{"start":{"line":134,"column":77},"end":{"line":134,"column":103}},"type":"cond-expr","locations":[{"start":{"line":134,"column":95},"end":{"line":134,"column":98}},{"start":{"line":134,"column":101},"end":{"line":134,"column":103}}],"line":134},"7":{"loc":{"start":{"line":140,"column":21},"end":{"line":150,"column":21}},"type":"cond-expr","locations":[{"start":{"line":141,"column":22},"end":{"line":144,"column":29}},{"start":{"line":146,"column":22},"end":{"line":149,"column":29}}],"line":140},"8":{"loc":{"start":{"line":151,"column":21},"end":{"line":156,"column":21}},"type":"binary-expr","locations":[{"start":{"line":151,"column":21},"end":{"line":151,"column":34}},{"start":{"line":152,"column":22},"end":{"line":155,"column":29}}],"line":151},"9":{"loc":{"start":{"line":154,"column":41},"end":{"line":154,"column":67}},"type":"cond-expr","locations":[{"start":{"line":154,"column":59},"end":{"line":154,"column":62}},{"start":{"line":154,"column":65},"end":{"line":154,"column":67}}],"line":154}},"s":{"0":0,"1":0,"2":0,"3":0,"4":0,"5":0,"6":0,"7":0,"8":0,"9":0,"10":0,"11":0,"12":0,"13":0,"14":0,"15":0,"16":0,"17":0,"18":0,"19":0,"20":0,"21":0,"22":0,"23":0,"24":0,"25":0,"26":0,"27":0},"f":{"0":0,"1":0,"2":0,"3":0,"4":0,"5":0,"6":0,"7":0,"8":0,"9":0,"10":0,"11":0},"b":{"0":[0,0],"1":[0,0],"2":[0,0],"3":[0,0],"4":[0,0],"5":[0,0],"6":[0,0],"7":[0,0],"8":[0,0],"9":[0,0]}}
,"/home/runner/work/cruise-planner/cruise-planner/frontend/src/pages/PortPlanner.js": {"path":"/home/runner/work/cruise-planner/cruise-planner/frontend/src/pages/PortPlanner.js","statementMap":{"0":{"start":{"line":7,"column":12},"end":{"line":7,"column":45}},"1":{"start":{"line":9,"column":19},"end":{"line":9,"column":29}},"2":{"start":{"line":11,"column":16},"end":{"line":35,"column":1}},"3":{"start":{"line":38,"column":2},"end":{"line":65,"column":4}},"4":{"start":{"line":46,"column":10},"end":{"line":61,"column":19}},"5":{"start":{"line":49,"column":27},"end":{"line":49,"column":53}},"6":{"start":{"line":69,"column":29},"end":{"line":69,"column":40}},"7":{"start":{"line":70,"column":19},"end":{"line":70,"column":32}},"8":{"start":{"line":71,"column":26},"end":{"line":71,"column":40}},"9":{"start":{"line":72,"column":26},"end":{"line":72,"column":40}},"10":{"start":{"line":73,"column":32},"end":{"line":73,"column":46}},"11":{"start":{"line":74,"column":38},"end":{"line":74,"column":53}},"12":{"start":{"line":75,"column":28},"end":{"line":75,"column":42}},"13":{"start":{"line":76,"column":28},"end":{"line":82,"column":4}},"14":{"start":{"line":83,"column":40},"end":{"line":83,"column":52}},"15":{"start":{"line":85,"column":2},"end":{"line":97,"column":23}},"16":{"start":{"line":86,"column":4},"end":{"line":93,"column":40}},"17":{"start":{"line":88,"column":8},"end":{"line":88,"column":26}},"18":{"start":{"line":89,"column":18},"end":{"line":89,"column":65}},"19":{"start":{"line":89,"column":44},"end":{"line":89,"column":64}},"20":{"start":{"line":90,"column":8},"end":{"line":90,"column":19}},"21":{"start":{"line":92,"column":19},"end":{"line":92,"column":47}},"22":{"start":{"line":93,"column":21},"end":{"line":93,"column":38}},"23":{"start":{"line":95,"column":19},"end":{"line":95,"column":56}},"24":{"start":{"line":96,"column":4},"end":{"line":96,"column":27}},"25":{"start":{"line":99,"column":21},"end":{"line":101,"column":3}},"26":{"start":{"line":100,"column":4},"end":{"line":100,"column":51}},"27":{"start":{"line":100,"column":22},"end":{"line":100,"column":48}},"28":{"start":{"line":103,"column":25},"end":{"line":121,"column":3}},"29":{"start":{"line":104,"column":4},"end":{"line":104,"column":24}},"30":{"start":{"line":105,"column":4},"end":{"line":105,"column":19}},"31":{"start":{"line":106,"column":4},"end":{"line":120,"column":5}},"32":{"start":{"line":107,"column":18},"end":{"line":111,"column":8}},"33":{"start":{"line":113,"column":6},"end":{"line":113,"column":26}},"34":{"start":{"line":114,"column":6},"end":{"line":114,"column":45}},"35":{"start":{"line":116,"column":21},"end":{"line":116,"column":62}},"36":{"start":{"line":117,"column":6},"end":{"line":117,"column":23}},"37":{"start":{"line":119,"column":6},"end":{"line":119,"column":27}},"38":{"start":{"line":123,"column":2},"end":{"line":129,"column":3}},"39":{"start":{"line":124,"column":4},"end":{"line":128,"column":6}},"40":{"start":{"line":131,"column":2},"end":{"line":137,"column":3}},"41":{"start":{"line":132,"column":4},"end":{"line":136,"column":6}},"42":{"start":{"line":139,"column":2},"end":{"line":303,"column":4}},"43":{"start":{"line":142,"column":23},"end":{"line":142,"column":51}},"44":{"start":{"line":183,"column":14},"end":{"line":206,"column":21}},"45":{"start":{"line":256,"column":29},"end":{"line":256,"column":67}},"46":{"start":{"line":261,"column":14},"end":{"line":261,"column":80}}},"fnMap":{"0":{"name":"OptionSelector","decl":{"start":{"line":37,"column":9},"end":{"line":37,"column":23}},"loc":{"start":{"line":37,"column":80},"end":{"line":66,"column":1}},"line":37},"1":{"name":"(anonymous_1)","decl":{"start":{"line":45,"column":19},"end":{"line":45,"column":20}},"loc":{"start":{"line":46,"column":10},"end":{"line":61,"column":19}},"line":46},"2":{"name":"(anonymous_2)","decl":{"start":{"line":49,"column":21},"end":{"line":49,"column":22}},"loc":{"start":{"line":49,"column":27},"end":{"line":49,"column":53}},"line":49},"3":{"name":"PortPlanner","decl":{"start":{"line":68,"column":24},"end":{"line":68,"column":35}},"loc":{"start":{"line":68,"column":38},"end":{"line":304,"column":1}},"line":68},"4":{"name":"(anonymous_4)","decl":{"start":{"line":85,"column":12},"end":{"line":85,"column":13}},"loc":{"start":{"line":85,"column":18},"end":{"line":97,"column":3}},"line":85},"5":{"name":"(anonymous_5)","decl":{"start":{"line":87,"column":12},"end":{"line":87,"column":13}},"loc":{"start":{"line":87,"column":19},"end":{"line":91,"column":7}},"line":87},"6":{"name":"(anonymous_6)","decl":{"start":{"line":89,"column":39},"end":{"line":89,"column":40}},"loc":{"start":{"line":89,"column":44},"end":{"line":89,"column":64}},"line":89},"7":{"name":"(anonymous_7)","decl":{"start":{"line":92,"column":13},"end":{"line":92,"column":14}},"loc":{"start":{"line":92,"column":19},"end":{"line":92,"column":47}},"line":92},"8":{"name":"(anonymous_8)","decl":{"start":{"line":93,"column":15},"end":{"line":93,"column":16}},"loc":{"start":{"line":93,"column":21},"end":{"line":93,"column":38}},"line":93},"9":{"name":"(anonymous_9)","decl":{"start":{"line":99,"column":21},"end":{"line":99,"column":22}},"loc":{"start":{"line":99,"column":38},"end":{"line":101,"column":3}},"line":99},"10":{"name":"(anonymous_10)","decl":{"start":{"line":100,"column":13},"end":{"line":100,"column":14}},"loc":{"start":{"line":100,"column":22},"end":{"line":100,"column":48}},"line":100},"11":{"name":"(anonymous_11)","decl":{"start":{"line":103,"column":25},"end":{"line":103,"column":26}},"loc":{"start":{"line":103,"column":37},"end":{"line":121,"column":3}},"line":103},"12":{"name":"(anonymous_12)","decl":{"start":{"line":142,"column":17},"end":{"line":142,"column":18}},"loc":{"start":{"line":142,"column":23},"end":{"line":142,"column":51}},"line":142},"13":{"name":"(anonymous_13)","decl":{"start":{"line":182,"column":29},"end":{"line":182,"column":30}},"loc":{"start":{"line":183,"column":14},"end":{"line":206,"column":21}},"line":183},"14":{"name":"(anonymous_14)","decl":{"start":{"line":256,"column":22},"end":{"line":256,"column":23}},"loc":{"start":{"line":256,"column":29},"end":{"line":256,"column":67}},"line":256},"15":{"name":"(anonymous_15)","decl":{"start":{"line":260,"column":28},"end":{"line":260,"column":29}},"loc":{"start":{"line":261,"column":14},"end":{"line":261,"column":80}},"line":261}},"branchMap":{"0":{"loc":{"start":{"line":51,"column":14},"end":{"line":53,"column":68}},"type":"cond-expr","locations":[{"start":{"line":52,"column":18},"end":{"line":52,"column":55}},{"start":{"line":53,"column":18},"end":{"line":53,"column":68}}],"line":51},"1":{"loc":{"start":{"line":57,"column":51},"end":{"line":57,"column":107}},"type":"cond-expr","locations":[{"start":{"line":57,"column":77},"end":{"line":57,"column":90}},{"start":{"line":57,"column":93},"end":{"line":57,"column":107}}],"line":57},"2":{"loc":{"start":{"line":60,"column":13},"end":{"line":60,"column":86}},"type":"binary-expr","locations":[{"start":{"line":60,"column":13},"end":{"line":60,"column":22}},{"start":{"line":60,"column":26},"end":{"line":60,"column":86}}],"line":60},"3":{"loc":{"start":{"line":116,"column":21},"end":{"line":116,"column":62}},"type":"binary-expr","locations":[{"start":{"line":116,"column":21},"end":{"line":116,"column":47}},{"start":{"line":116,"column":51},"end":{"line":116,"column":62}}],"line":116},"4":{"loc":{"start":{"line":123,"column":2},"end":{"line":129,"column":3}},"type":"if","locations":[{"start":{"line":123,"column":2},"end":{"line":129,"column":3}},{"start":{},"end":{}}],"line":123},"5":{"loc":{"start":{"line":131,"column":2},"end":{"line":137,"column":3}},"type":"if","locations":[{"start":{"line":131,"column":2},"end":{"line":137,"column":3}},{"start":{},"end":{}}],"line":131},"6":{"loc":{"start":{"line":162,"column":7},"end":{"line":170,"column":7}},"type":"binary-expr","locations":[{"start":{"line":162,"column":7},"end":{"line":162,"column":19}},{"start":{"line":162,"column":23},"end":{"line":162,"column":37}},{"start":{"line":163,"column":8},"end":{"line":169,"column":14}}],"line":162},"7":{"loc":{"start":{"line":173,"column":7},"end":{"line":210,"column":7}},"type":"binary-expr","locations":[{"start":{"line":173,"column":7},"end":{"line":173,"column":29}},{"start":{"line":174,"column":8},"end":{"line":209,"column":14}}],"line":173},"8":{"loc":{"start":{"line":191,"column":21},"end":{"line":191,"column":60}},"type":"binary-expr","locations":[{"start":{"line":191,"column":21},"end":{"line":191,"column":40}},{"start":{"line":191,"column":44},"end":{"line":191,"column":60}}],"line":191},"9":{"loc":{"start":{"line":198,"column":21},"end":{"line":200,"column":21}},"type":"binary-expr","locations":[{"start":{"line":198,"column":21},"end":{"line":198,"column":45}},{"start":{"line":199,"column":22},"end":{"line":199,"column":105}}],"line":198},"10":{"loc":{"start":{"line":274,"column":9},"end":{"line":284,"column":9}},"type":"cond-expr","locations":[{"start":{"line":275,"column":10},"end":{"line":278,"column":13}},{"start":{"line":280,"column":10},"end":{"line":283,"column":13}}],"line":274},"11":{"loc":{"start":{"line":287,"column":7},"end":{"line":291,"column":7}},"type":"binary-expr","locations":[{"start":{"line":287,"column":7},"end":{"line":287,"column":17}},{"start":{"line":288,"column":8},"end":{"line":290,"column":12}}],"line":287},"12":{"loc":{"start":{"line":293,"column":7},"end":{"line":301,"column":7}},"type":"binary-expr","locations":[{"start":{"line":293,"column":7},"end":{"line":293,"column":12}},{"start":{"line":294,"column":8},"end":{"line":300,"column":14}}],"line":293}},"s":{"0":0,"1":0,"2":0,"3":0,"4":0,"5":0,"6":0,"7":0,"8":0,"9":0,"10":0,"11":0,"12":0,"13":0,"14":0,"15":0,"16":0,"17":0,"18":0,"19":0,"20":0,"21":0,"22":0,"23":0,"24":0,"25":0,"26":0,"27":0,"28":0,"29":0,"30":0,"31":0,"32":0,"33":0,"34":0,"35":0,"36":0,"37":0,"38":0,"39":0,"40":0,"41":0,"42":0,"43":0,"44":0,"45":0,"46":0},"f":{"0":0,"1":0,"2":0,"3":0,"4":0,"5":0,"6":0,"7":0,"8":0,"9":0,"10":0,"11":0,"12":0,"13":0,"14":0,"15":0},"b":{"0":[0,0],"1":[0,0],"2":[0,0],"3":[0,0],"4":[0,0],"5":[0,0],"6":[0,0,0],"7":[0,0],"8":[0,0],"9":[0,0],"10":[0,0],"11":[0,0],"12":[0,0]}}
,"/home/runner/work/cruise-planner/cruise-planner/frontend/src/pages/TermsConditions.js": {"path":"/home/runner/work/cruise-planner/cruise-planner/frontend/src/pages/TermsConditions.js","statementMap":{"0":{"start":{"line":4,"column":17},"end":{"line":62,"column":1}},"1":{"start":{"line":65,"column":2},"end":{"line":112,"column":4}},"2":{"start":{"line":81,"column":10},"end":{"line":108,"column":16}},"3":{"start":{"line":90,"column":16},"end":{"line":93,"column":21}}},"fnMap":{"0":{"name":"TermsConditions","decl":{"start":{"line":64,"column":24},"end":{"line":64,"column":39}},"loc":{"start":{"line":64,"column":42},"end":{"line":113,"column":1}},"line":64},"1":{"name":"(anonymous_1)","decl":{"start":{"line":80,"column":22},"end":{"line":80,"column":23}},"loc":{"start":{"line":81,"column":10},"end":{"line":108,"column":16}},"line":81},"2":{"name":"(anonymous_2)","decl":{"start":{"line":89,"column":33},"end":{"line":89,"column":34}},"loc":{"start":{"line":90,"column":16},"end":{"line":93,"column":21}},"line":90}},"branchMap":{"0":{"loc":{"start":{"line":96,"column":13},"end":{"line":107,"column":13}},"type":"binary-expr","locations":[{"start":{"line":96,"column":13},"end":{"line":96,"column":24}},{"start":{"line":97,"column":14},"end":{"line":106,"column":18}}],"line":96}},"s":{"0":0,"1":0,"2":0,"3":0},"f":{"0":0,"1":0,"2":0},"b":{"0":[0,0]}}
,"/home/runner/work/cruise-planner/cruise-planner/frontend/src/pages/TripDetail.js": {"path":"/home/runner/work/cruise-planner/cruise-planner/frontend/src/pages/TripDetail.js","statementMap":{"0":{"start":{"line":7,"column":12},"end":{"line":7,"column":45}},"1":{"start":{"line":10,"column":21},"end":{"line":10,"column":32}},"2":{"start":{"line":11,"column":19},"end":{"line":11,"column":32}},"3":{"start":{"line":12,"column":26},"end":{"line":12,"column":40}},"4":{"start":{"line":13,"column":32},"end":{"line":13,"column":46}},"5":{"start":{"line":14,"column":36},"end":{"line":14,"column":51}},"6":{"start":{"line":15,"column":40},"end":{"line":15,"column":52}},"7":{"start":{"line":17,"column":2},"end":{"line":44,"column":15}},"8":{"start":{"line":19,"column":18},"end":{"line":19,"column":47}},"9":{"start":{"line":20,"column":4},"end":{"line":20,"column":26}},"10":{"start":{"line":23,"column":19},"end":{"line":23,"column":40}},"11":{"start":{"line":24,"column":4},"end":{"line":28,"column":5}},"12":{"start":{"line":25,"column":6},"end":{"line":25,"column":22}},"13":{"start":{"line":26,"column":6},"end":{"line":26,"column":25}},"14":{"start":{"line":27,"column":6},"end":{"line":27,"column":24}},"15":{"start":{"line":31,"column":4},"end":{"line":43,"column":40}},"16":{"start":{"line":33,"column":8},"end":{"line":33,"column":26}},"17":{"start":{"line":34,"column":8},"end":{"line":34,"column":28}},"18":{"start":{"line":35,"column":8},"end":{"line":35,"column":28}},"19":{"start":{"line":38,"column":8},"end":{"line":41,"column":9}},"20":{"start":{"line":40,"column":10},"end":{"line":40,"column":28}},"21":{"start":{"line":43,"column":21},"end":{"line":43,"column":38}},"22":{"start":{"line":46,"column":23},"end":{"line":55,"column":3}},"23":{"start":{"line":47,"column":4},"end":{"line":47,"column":78}},"24":{"start":{"line":47,"column":71},"end":{"line":47,"column":78}},"25":{"start":{"line":48,"column":4},"end":{"line":54,"column":5}},"26":{"start":{"line":49,"column":6},"end":{"line":49,"column":53}},"27":{"start":{"line":50,"column":6},"end":{"line":50,"column":31}},"28":{"start":{"line":51,"column":6},"end":{"line":51,"column":25}},"29":{"start":{"line":53,"column":6},"end":{"line":53,"column":37}},"30":{"start":{"line":57,"column":21},"end":{"line":61,"column":3}},"31":{"start":{"line":58,"column":4},"end":{"line":58,"column":34}},"32":{"start":{"line":58,"column":18},"end":{"line":58,"column":34}},"33":{"start":{"line":59,"column":14},"end":{"line":59,"column":31}},"34":{"start":{"line":60,"column":4},"end":{"line":60,"column":112}},"35":{"start":{"line":63,"column":21},"end":{"line":67,"column":3}},"36":{"start":{"line":64,"column":4},"end":{"line":64,"column":28}},"37":{"start":{"line":64,"column":18},"end":{"line":64,"column":28}},"38":{"start":{"line":65,"column":14},"end":{"line":65,"column":31}},"39":{"start":{"line":66,"column":4},"end":{"line":66,"column":81}},"40":{"start":{"line":69,"column":23},"end":{"line":71,"column":3}},"41":{"start":{"line":70,"column":4},"end":{"line":70,"column":57}},"42":{"start":{"line":70,"column":35},"end":{"line":70,"column":55}},"43":{"start":{"line":73,"column":2},"end":{"line":79,"column":3}},"44":{"start":{"line":74,"column":4},"end":{"line":78,"column":6}},"45":{"start":{"line":81,"column":2},"end":{"line":88,"column":3}},"46":{"start":{"line":82,"column":4},"end":{"line":87,"column":6}},"47":{"start":{"line":90,"column":2},"end":{"line":237,"column":4}},"48":{"start":{"line":162,"column":30},"end":{"line":162,"column":56}},"49":{"start":{"line":163,"column":12},"end":{"line":232,"column":14}},"50":{"start":{"line":209,"column":24},"end":{"line":226,"column":31}}},"fnMap":{"0":{"name":"TripDetail","decl":{"start":{"line":9,"column":24},"end":{"line":9,"column":34}},"loc":{"start":{"line":9,"column":37},"end":{"line":238,"column":1}},"line":9},"1":{"name":"(anonymous_1)","decl":{"start":{"line":17,"column":12},"end":{"line":17,"column":13}},"loc":{"start":{"line":17,"column":18},"end":{"line":44,"column":3}},"line":17},"2":{"name":"(anonymous_2)","decl":{"start":{"line":32,"column":12},"end":{"line":32,"column":13}},"loc":{"start":{"line":32,"column":19},"end":{"line":36,"column":7}},"line":32},"3":{"name":"(anonymous_3)","decl":{"start":{"line":37,"column":13},"end":{"line":37,"column":14}},"loc":{"start":{"line":37,"column":19},"end":{"line":42,"column":7}},"line":37},"4":{"name":"(anonymous_4)","decl":{"start":{"line":43,"column":15},"end":{"line":43,"column":16}},"loc":{"start":{"line":43,"column":21},"end":{"line":43,"column":38}},"line":43},"5":{"name":"(anonymous_5)","decl":{"start":{"line":46,"column":23},"end":{"line":46,"column":24}},"loc":{"start":{"line":46,"column":35},"end":{"line":55,"column":3}},"line":46},"6":{"name":"(anonymous_6)","decl":{"start":{"line":57,"column":21},"end":{"line":57,"column":22}},"loc":{"start":{"line":57,"column":34},"end":{"line":61,"column":3}},"line":57},"7":{"name":"(anonymous_7)","decl":{"start":{"line":63,"column":21},"end":{"line":63,"column":22}},"loc":{"start":{"line":63,"column":34},"end":{"line":67,"column":3}},"line":63},"8":{"name":"(anonymous_8)","decl":{"start":{"line":69,"column":23},"end":{"line":69,"column":24}},"loc":{"start":{"line":69,"column":35},"end":{"line":71,"column":3}},"line":69},"9":{"name":"(anonymous_9)","decl":{"start":{"line":70,"column":30},"end":{"line":70,"column":31}},"loc":{"start":{"line":70,"column":35},"end":{"line":70,"column":55}},"line":70},"10":{"name":"(anonymous_10)","decl":{"start":{"line":161,"column":26},"end":{"line":161,"column":27}},"loc":{"start":{"line":161,"column":43},"end":{"line":233,"column":11}},"line":161},"11":{"name":"(anonymous_11)","decl":{"start":{"line":208,"column":37},"end":{"line":208,"column":38}},"loc":{"start":{"line":209,"column":24},"end":{"line":226,"column":31}},"line":209}},"branchMap":{"0":{"loc":{"start":{"line":24,"column":4},"end":{"line":28,"column":5}},"type":"if","locations":[{"start":{"line":24,"column":4},"end":{"line":28,"column":5}},{"start":{},"end":{}}],"line":24},"1":{"loc":{"start":{"line":38,"column":8},"end":{"line":41,"column":9}},"type":"if","locations":[{"start":{"line":38,"column":8},"end":{"line":41,"column":9}},{"start":{},"end":{}}],"line":38},"2":{"loc":{"start":{"line":47,"column":4},"end":{"line":47,"column":78}},"type":"if","locations":[{"start":{"line":47,"column":4},"end":{"line":47,"column":78}},{"start":{},"end":{}}],"line":47},"3":{"loc":{"start":{"line":58,"column":4},"end":{"line":58,"column":34}},"type":"if","locations":[{"start":{"line":58,"column":4},"end":{"line":58,"column":34}},{"start":{},"end":{}}],"line":58},"4":{"loc":{"start":{"line":64,"column":4},"end":{"line":64,"column":28}},"type":"if","locations":[{"start":{"line":64,"column":4},"end":{"line":64,"column":28}},{"start":{},"end":{}}],"line":64},"5":{"loc":{"start":{"line":73,"column":2},"end":{"line":79,"column":3}},"type":"if","locations":[{"start":{"line":73,"column":2},"end":{"line":79,"column":3}},{"start":{},"end":{}}],"line":73},"6":{"loc":{"start":{"line":81,"column":2},"end":{"line":88,"column":3}},"type":"if","locations":[{"start":{"line":81,"column":2},"end":{"line":88,"column":3}},{"start":{},"end":{}}],"line":81},"7":{"loc":{"start":{"line":101,"column":15},"end":{"line":101,"column":102}},"type":"binary-expr","locations":[{"start":{"line":101,"column":15},"end":{"line":101,"column":31}},{"start":{"line":101,"column":35},"end":{"line":101,"column":102}}],"line":101},"8":{"loc":{"start":{"line":126,"column":7},"end":{"line":131,"column":7}},"type":"binary-expr","locations":[{"start":{"line":126,"column":7},"end":{"line":126,"column":16}},{"start":{"line":127,"column":8},"end":{"line":130,"column":14}}],"line":126},"9":{"loc":{"start":{"line":134,"column":7},"end":{"line":139,"column":7}},"type":"binary-expr","locations":[{"start":{"line":134,"column":7},"end":{"line":134,"column":29}},{"start":{"line":135,"column":8},"end":{"line":138,"column":14}}],"line":134},"10":{"loc":{"start":{"line":137,"column":54},"end":{"line":137,"column":89}},"type":"cond-expr","locations":[{"start":{"line":137,"column":81},"end":{"line":137,"column":84}},{"start":{"line":137,"column":87},"end":{"line":137,"column":89}}],"line":137},"11":{"loc":{"start":{"line":144,"column":24},"end":{"line":144,"column":47}},"type":"binary-expr","locations":[{"start":{"line":144,"column":24},"end":{"line":144,"column":42}},{"start":{"line":144,"column":46},"end":{"line":144,"column":47}}],"line":144},"12":{"loc":{"start":{"line":147,"column":7},"end":{"line":235,"column":7}},"type":"cond-expr","locations":[{"start":{"line":148,"column":8},"end":{"line":158,"column":14}},{"start":{"line":160,"column":8},"end":{"line":234,"column":14}}],"line":147},"13":{"loc":{"start":{"line":147,"column":8},"end":{"line":147,"column":46}},"type":"binary-expr","locations":[{"start":{"line":147,"column":8},"end":{"line":147,"column":19}},{"start":{"line":147,"column":23},"end":{"line":147,"column":46}}],"line":147},"14":{"loc":{"start":{"line":201,"column":17},"end":{"line":230,"column":17}},"type":"binary-expr","locations":[{"start":{"line":201,"column":17},"end":{"line":201,"column":37}},{"start":{"line":202,"column":18},"end":{"line":229,"column":24}}],"line":201},"15":{"loc":{"start":{"line":217,"column":31},"end":{"line":217,"column":70}},"type":"binary-expr","locations":[{"start":{"line":217,"column":31},"end":{"line":217,"column":50}},{"start":{"line":217,"column":54},"end":{"line":217,"column":70}}],"line":217},"16":{"loc":{"start":{"line":221,"column":31},"end":{"line":221,"column":141}},"type":"binary-expr","locations":[{"start":{"line":221,"column":31},"end":{"line":221,"column":55}},{"start":{"line":221,"column":59},"end":{"line":221,"column":141}}],"line":221},"17":{"loc":{"start":{"line":222,"column":31},"end":{"line":222,"column":99}},"type":"binary-expr","locations":[{"start":{"line":222,"column":31},"end":{"line":222,"column":57}},{"start":{"line":222,"column":61},"end":{"line":222,"column":99}}],"line":222}},"s":{"0":0,"1":0,"2":0,"3":0,"4":0,"5":0,"6":0,"7":0,"8":0,"9":0,"10":0,"11":0,"12":0,"13":0,"14":0,"15":0,"16":0,"17":0,"18":0,"19":0,"20":0,"21":0,"22":0,"23":0,"24":0,"25":0,"26":0,"27":0,"28":0,"29":0,"30":0,"31":0,"32":0,"33":0,"34":0,"35":0,"36":0,"37":0,"38":0,"39":0,"40":0,"41":0,"42":0,"43":0,"44":0,"45":0,"46":0,"47":0,"48":0,"49":0,"50":0},"f":{"0":0,"1":0,"2":0,"3":0,"4":0,"5":0,"6":0,"7":0,"8":0,"9":0,"10":0,"11":0},"b":{"0":[0,0],"1":[0,0],"2":[0,0],"3":[0,0],"4":[0,0],"5":[0,0],"6":[0,0],"7":[0,0],"8":[0,0],"9":[0,0],"10":[0,0],"11":[0,0],"12":[0,0],"13":[0,0],"14":[0,0],"15":[0,0],"16":[0,0],"17":[0,0]}}
,"/home/runner/work/cruise-planner/cruise-planner/frontend/src/pages/TripSetup.js": {"path":"/home/runner/work/cruise-planner/cruise-planner/frontend/src/pages/TripSetup.js","statementMap":{"0":{"start":{"line":7,"column":12},"end":{"line":7,"column":45}},"1":{"start":{"line":10,"column":19},"end":{"line":10,"column":32}},"2":{"start":{"line":11,"column":21},"end":{"line":11,"column":32}},"3":{"start":{"line":12,"column":17},"end":{"line":12,"column":32}},"4":{"start":{"line":14,"column":34},"end":{"line":14,"column":46}},"5":{"start":{"line":15,"column":38},"end":{"line":15,"column":50}},"6":{"start":{"line":16,"column":28},"end":{"line":16,"column":40}},"7":{"start":{"line":17,"column":30},"end":{"line":17,"column":45}},"8":{"start":{"line":18,"column":32},"end":{"line":18,"column":47}},"9":{"start":{"line":19,"column":56},"end":{"line":19,"column":70}},"10":{"start":{"line":20,"column":38},"end":{"line":20,"column":50}},"11":{"start":{"line":21,"column":40},"end":{"line":21,"column":52}},"12":{"start":{"line":22,"column":44},"end":{"line":22,"column":59}},"13":{"start":{"line":23,"column":32},"end":{"line":23,"column":44}},"14":{"start":{"line":24,"column":46},"end":{"line":24,"column":58}},"15":{"start":{"line":25,"column":22},"end":{"line":25,"column":34}},"16":{"start":{"line":27,"column":2},"end":{"line":29,"column":9}},"17":{"start":{"line":28,"column":4},"end":{"line":28,"column":90}},"18":{"start":{"line":28,"column":52},"end":{"line":28,"column":72}},"19":{"start":{"line":31,"column":22},"end":{"line":43,"column":8}},"20":{"start":{"line":32,"column":4},"end":{"line":32,"column":27}},"21":{"start":{"line":33,"column":4},"end":{"line":42,"column":5}},"22":{"start":{"line":34,"column":21},"end":{"line":34,"column":50}},"23":{"start":{"line":35,"column":6},"end":{"line":35,"column":41}},"24":{"start":{"line":35,"column":18},"end":{"line":35,"column":41}},"25":{"start":{"line":36,"column":18},"end":{"line":36,"column":70}},"26":{"start":{"line":37,"column":6},"end":{"line":37,"column":31}},"27":{"start":{"line":39,"column":6},"end":{"line":39,"column":25}},"28":{"start":{"line":41,"column":6},"end":{"line":41,"column":30}},"29":{"start":{"line":44,"column":2},"end":{"line":56,"column":23}},"30":{"start":{"line":45,"column":4},"end":{"line":55,"column":5}},"31":{"start":{"line":46,"column":6},"end":{"line":46,"column":23}},"32":{"start":{"line":47,"column":6},"end":{"line":54,"column":42}},"33":{"start":{"line":49,"column":10},"end":{"line":49,"column":42}},"34":{"start":{"line":50,"column":10},"end":{"line":50,"column":52}},"35":{"start":{"line":51,"column":10},"end":{"line":51,"column":41}},"36":{"start":{"line":53,"column":21},"end":{"line":53,"column":49}},"37":{"start":{"line":54,"column":23},"end":{"line":54,"column":40}},"38":{"start":{"line":58,"column":18},"end":{"line":64,"column":3}},"39":{"start":{"line":59,"column":4},"end":{"line":63,"column":8}},"40":{"start":{"line":66,"column":21},"end":{"line":70,"column":3}},"41":{"start":{"line":67,"column":20},"end":{"line":67,"column":30}},"42":{"start":{"line":68,"column":4},"end":{"line":68,"column":59}},"43":{"start":{"line":69,"column":4},"end":{"line":69,"column":22}},"44":{"start":{"line":72,"column":21},"end":{"line":74,"column":3}},"45":{"start":{"line":73,"column":4},"end":{"line":73,"column":50}},"46":{"start":{"line":73,"column":36},"end":{"line":73,"column":47}},"47":{"start":{"line":76,"column":26},"end":{"line":88,"column":3}},"48":{"start":{"line":77,"column":20},"end":{"line":77,"column":30}},"49":{"start":{"line":78,"column":4},"end":{"line":84,"column":6}},"50":{"start":{"line":85,"column":4},"end":{"line":85,"column":22}},"51":{"start":{"line":86,"column":4},"end":{"line":86,"column":33}},"52":{"start":{"line":87,"column":4},"end":{"line":87,"column":22}},"53":{"start":{"line":90,"column":23},"end":{"line":133,"column":3}},"54":{"start":{"line":91,"column":4},"end":{"line":91,"column":23}},"55":{"start":{"line":92,"column":4},"end":{"line":92,"column":67}},"56":{"start":{"line":92,"column":26},"end":{"line":92,"column":67}},"57":{"start":{"line":94,"column":4},"end":{"line":94,"column":20}},"58":{"start":{"line":95,"column":4},"end":{"line":132,"column":5}},"59":{"start":{"line":96,"column":24},"end":{"line":96,"column":30}},"60":{"start":{"line":97,"column":6},"end":{"line":102,"column":7}},"61":{"start":{"line":98,"column":8},"end":{"line":98,"column":102}},"62":{"start":{"line":100,"column":20},"end":{"line":100,"column":104}},"63":{"start":{"line":101,"column":8},"end":{"line":101,"column":39}},"64":{"start":{"line":105,"column":6},"end":{"line":119,"column":7}},"65":{"start":{"line":106,"column":25},"end":{"line":113,"column":9}},"66":{"start":{"line":114,"column":8},"end":{"line":118,"column":9}},"67":{"start":{"line":115,"column":10},"end":{"line":115,"column":91}},"68":{"start":{"line":117,"column":10},"end":{"line":117,"column":76}},"69":{"start":{"line":122,"column":6},"end":{"line":125,"column":50}},"70":{"start":{"line":123,"column":26},"end":{"line":123,"column":74}},"71":{"start":{"line":124,"column":8},"end":{"line":124,"column":34}},"72":{"start":{"line":127,"column":6},"end":{"line":127,"column":40}},"73":{"start":{"line":129,"column":6},"end":{"line":129,"column":83}},"74":{"start":{"line":131,"column":6},"end":{"line":131,"column":23}},"75":{"start":{"line":135,"column":30},"end":{"line":135,"column":41}},"76":{"start":{"line":137,"column":2},"end":{"line":143,"column":3}},"77":{"start":{"line":138,"column":4},"end":{"line":142,"column":6}},"78":{"start":{"line":145,"column":2},"end":{"line":393,"column":4}},"79":{"start":{"line":167,"column":33},"end":{"line":167,"column":60}},"80":{"start":{"line":179,"column":33},"end":{"line":179,"column":62}},"81":{"start":{"line":218,"column":14},"end":{"line":367,"column":20}},"82":{"start":{"line":223,"column":35},"end":{"line":223,"column":52}},"83":{"start":{"line":240,"column":24},"end":{"line":240,"column":66}},"84":{"start":{"line":241,"column":24},"end":{"line":241,"column":54}},"85":{"start":{"line":242,"column":24},"end":{"line":242,"column":54}},"86":{"start":{"line":243,"column":24},"end":{"line":243,"column":83}},"87":{"start":{"line":243,"column":49},"end":{"line":243,"column":83}},"88":{"start":{"line":244,"column":24},"end":{"line":246,"column":32}},"89":{"start":{"line":245,"column":26},"end":{"line":245,"column":70}},"90":{"start":{"line":249,"column":24},"end":{"line":249,"column":54}},"91":{"start":{"line":250,"column":24},"end":{"line":250,"column":49}},"92":{"start":{"line":251,"column":24},"end":{"line":251,"column":69}},"93":{"start":{"line":253,"column":36},"end":{"line":253,"column":87}},"94":{"start":{"line":253,"column":53},"end":{"line":253,"column":81}},"95":{"start":{"line":270,"column":32},"end":{"line":270,"column":66}},"96":{"start":{"line":271,"column":32},"end":{"line":271,"column":72}},"97":{"start":{"line":273,"column":50},"end":{"line":273,"column":69}},"98":{"start":{"line":279,"column":32},"end":{"line":279,"column":70}},"99":{"start":{"line":287,"column":28},"end":{"line":297,"column":37}},"100":{"start":{"line":290,"column":49},"end":{"line":290,"column":74}},"101":{"start":{"line":312,"column":39},"end":{"line":312,"column":83}},"102":{"start":{"line":324,"column":39},"end":{"line":324,"column":84}},"103":{"start":{"line":336,"column":39},"end":{"line":336,"column":85}},"104":{"start":{"line":349,"column":39},"end":{"line":349,"column":83}},"105":{"start":{"line":361,"column":39},"end":{"line":361,"column":85}},"106":{"start":{"line":376,"column":27},"end":{"line":376,"column":39}}},"fnMap":{"0":{"name":"TripSetup","decl":{"start":{"line":9,"column":24},"end":{"line":9,"column":33}},"loc":{"start":{"line":9,"column":36},"end":{"line":394,"column":1}},"line":9},"1":{"name":"(anonymous_1)","decl":{"start":{"line":27,"column":12},"end":{"line":27,"column":13}},"loc":{"start":{"line":27,"column":18},"end":{"line":29,"column":3}},"line":27},"2":{"name":"(anonymous_2)","decl":{"start":{"line":28,"column":45},"end":{"line":28,"column":46}},"loc":{"start":{"line":28,"column":52},"end":{"line":28,"column":72}},"line":28},"3":{"name":"(anonymous_3)","decl":{"start":{"line":28,"column":80},"end":{"line":28,"column":81}},"loc":{"start":{"line":28,"column":86},"end":{"line":28,"column":88}},"line":28},"4":{"name":"(anonymous_4)","decl":{"start":{"line":31,"column":34},"end":{"line":31,"column":35}},"loc":{"start":{"line":31,"column":59},"end":{"line":43,"column":3}},"line":31},"5":{"name":"(anonymous_5)","decl":{"start":{"line":44,"column":12},"end":{"line":44,"column":13}},"loc":{"start":{"line":44,"column":18},"end":{"line":56,"column":3}},"line":44},"6":{"name":"(anonymous_6)","decl":{"start":{"line":48,"column":14},"end":{"line":48,"column":15}},"loc":{"start":{"line":48,"column":21},"end":{"line":52,"column":9}},"line":48},"7":{"name":"(anonymous_7)","decl":{"start":{"line":53,"column":15},"end":{"line":53,"column":16}},"loc":{"start":{"line":53,"column":21},"end":{"line":53,"column":49}},"line":53},"8":{"name":"(anonymous_8)","decl":{"start":{"line":54,"column":17},"end":{"line":54,"column":18}},"loc":{"start":{"line":54,"column":23},"end":{"line":54,"column":40}},"line":54},"9":{"name":"(anonymous_9)","decl":{"start":{"line":58,"column":18},"end":{"line":58,"column":19}},"loc":{"start":{"line":58,"column":24},"end":{"line":64,"column":3}},"line":58},"10":{"name":"(anonymous_10)","decl":{"start":{"line":66,"column":21},"end":{"line":66,"column":22}},"loc":{"start":{"line":66,"column":46},"end":{"line":70,"column":3}},"line":66},"11":{"name":"(anonymous_11)","decl":{"start":{"line":72,"column":21},"end":{"line":72,"column":22}},"loc":{"start":{"line":72,"column":32},"end":{"line":74,"column":3}},"line":72},"12":{"name":"(anonymous_12)","decl":{"start":{"line":73,"column":26},"end":{"line":73,"column":27}},"loc":{"start":{"line":73,"column":36},"end":{"line":73,"column":47}},"line":73},"13":{"name":"(anonymous_13)","decl":{"start":{"line":76,"column":26},"end":{"line":76,"column":27}},"loc":{"start":{"line":76,"column":43},"end":{"line":88,"column":3}},"line":76},"14":{"name":"(anonymous_14)","decl":{"start":{"line":90,"column":23},"end":{"line":90,"column":24}},"loc":{"start":{"line":90,"column":36},"end":{"line":133,"column":3}},"line":90},"15":{"name":"(anonymous_15)","decl":{"start":{"line":167,"column":26},"end":{"line":167,"column":27}},"loc":{"start":{"line":167,"column":33},"end":{"line":167,"column":60}},"line":167},"16":{"name":"(anonymous_16)","decl":{"start":{"line":179,"column":26},"end":{"line":179,"column":27}},"loc":{"start":{"line":179,"column":33},"end":{"line":179,"column":62}},"line":179},"17":{"name":"(anonymous_17)","decl":{"start":{"line":217,"column":23},"end":{"line":217,"column":24}},"loc":{"start":{"line":218,"column":14},"end":{"line":367,"column":20}},"line":218},"18":{"name":"(anonymous_18)","decl":{"start":{"line":223,"column":29},"end":{"line":223,"column":30}},"loc":{"start":{"line":223,"column":35},"end":{"line":223,"column":52}},"line":223},"19":{"name":"(anonymous_19)","decl":{"start":{"line":239,"column":32},"end":{"line":239,"column":33}},"loc":{"start":{"line":239,"column":39},"end":{"line":247,"column":23}},"line":239},"20":{"name":"(anonymous_20)","decl":{"start":{"line":244,"column":57},"end":{"line":244,"column":58}},"loc":{"start":{"line":244,"column":63},"end":{"line":246,"column":25}},"line":244},"21":{"name":"(anonymous_21)","decl":{"start":{"line":248,"column":31},"end":{"line":248,"column":32}},"loc":{"start":{"line":248,"column":37},"end":{"line":252,"column":23}},"line":248},"22":{"name":"(anonymous_22)","decl":{"start":{"line":253,"column":30},"end":{"line":253,"column":31}},"loc":{"start":{"line":253,"column":36},"end":{"line":253,"column":87}},"line":253},"23":{"name":"(anonymous_23)","decl":{"start":{"line":253,"column":47},"end":{"line":253,"column":48}},"loc":{"start":{"line":253,"column":53},"end":{"line":253,"column":81}},"line":253},"24":{"name":"(anonymous_24)","decl":{"start":{"line":269,"column":40},"end":{"line":269,"column":41}},"loc":{"start":{"line":269,"column":47},"end":{"line":272,"column":31}},"line":269},"25":{"name":"(anonymous_25)","decl":{"start":{"line":273,"column":43},"end":{"line":273,"column":44}},"loc":{"start":{"line":273,"column":50},"end":{"line":273,"column":69}},"line":273},"26":{"name":"(anonymous_26)","decl":{"start":{"line":278,"column":43},"end":{"line":278,"column":44}},"loc":{"start":{"line":279,"column":32},"end":{"line":279,"column":70}},"line":279},"27":{"name":"(anonymous_27)","decl":{"start":{"line":286,"column":50},"end":{"line":286,"column":51}},"loc":{"start":{"line":287,"column":28},"end":{"line":297,"column":37}},"line":287},"28":{"name":"(anonymous_28)","decl":{"start":{"line":290,"column":43},"end":{"line":290,"column":44}},"loc":{"start":{"line":290,"column":49},"end":{"line":290,"column":74}},"line":290},"29":{"name":"(anonymous_29)","decl":{"start":{"line":312,"column":32},"end":{"line":312,"column":33}},"loc":{"start":{"line":312,"column":39},"end":{"line":312,"column":83}},"line":312},"30":{"name":"(anonymous_30)","decl":{"start":{"line":324,"column":32},"end":{"line":324,"column":33}},"loc":{"start":{"line":324,"column":39},"end":{"line":324,"column":84}},"line":324},"31":{"name":"(anonymous_31)","decl":{"start":{"line":336,"column":32},"end":{"line":336,"column":33}},"loc":{"start":{"line":336,"column":39},"end":{"line":336,"column":85}},"line":336},"32":{"name":"(anonymous_32)","decl":{"start":{"line":349,"column":32},"end":{"line":349,"column":33}},"loc":{"start":{"line":349,"column":39},"end":{"line":349,"column":83}},"line":349},"33":{"name":"(anonymous_33)","decl":{"start":{"line":361,"column":32},"end":{"line":361,"column":33}},"loc":{"start":{"line":361,"column":39},"end":{"line":361,"column":85}},"line":361},"34":{"name":"(anonymous_34)","decl":{"start":{"line":376,"column":21},"end":{"line":376,"column":22}},"loc":{"start":{"line":376,"column":27},"end":{"line":376,"column":39}},"line":376}},"branchMap":{"0":{"loc":{"start":{"line":34,"column":26},"end":{"line":34,"column":37}},"type":"binary-expr","locations":[{"start":{"line":34,"column":26},"end":{"line":34,"column":31}},{"start":{"line":34,"column":35},"end":{"line":34,"column":37}}],"line":34},"1":{"loc":{"start":{"line":35,"column":6},"end":{"line":35,"column":41}},"type":"if","locations":[{"start":{"line":35,"column":6},"end":{"line":35,"column":41}},{"start":{},"end":{}}],"line":35},"2":{"loc":{"start":{"line":45,"column":4},"end":{"line":55,"column":5}},"type":"if","locations":[{"start":{"line":45,"column":4},"end":{"line":55,"column":5}},{"start":{},"end":{}}],"line":45},"3":{"loc":{"start":{"line":50,"column":24},"end":{"line":50,"column":50}},"type":"binary-expr","locations":[{"start":{"line":50,"column":24},"end":{"line":50,"column":44}},{"start":{"line":50,"column":48},"end":{"line":50,"column":50}}],"line":50},"4":{"loc":{"start":{"line":51,"column":19},"end":{"line":51,"column":39}},"type":"binary-expr","locations":[{"start":{"line":51,"column":19},"end":{"line":51,"column":33}},{"start":{"line":51,"column":37},"end":{"line":51,"column":39}}],"line":51},"5":{"loc":{"start":{"line":92,"column":4},"end":{"line":92,"column":67}},"type":"if","locations":[{"start":{"line":92,"column":4},"end":{"line":92,"column":67}},{"start":{},"end":{}}],"line":92},"6":{"loc":{"start":{"line":97,"column":6},"end":{"line":102,"column":7}},"type":"if","locations":[{"start":{"line":97,"column":6},"end":{"line":102,"column":7}},{"start":{"line":99,"column":13},"end":{"line":102,"column":7}}],"line":97},"7":{"loc":{"start":{"line":109,"column":20},"end":{"line":109,"column":50}},"type":"binary-expr","locations":[{"start":{"line":109,"column":20},"end":{"line":109,"column":45}},{"start":{"line":109,"column":49},"end":{"line":109,"column":50}}],"line":109},"8":{"loc":{"start":{"line":110,"column":21},"end":{"line":110,"column":52}},"type":"binary-expr","locations":[{"start":{"line":110,"column":21},"end":{"line":110,"column":47}},{"start":{"line":110,"column":51},"end":{"line":110,"column":52}}],"line":110},"9":{"loc":{"start":{"line":114,"column":8},"end":{"line":118,"column":9}},"type":"if","locations":[{"start":{"line":114,"column":8},"end":{"line":118,"column":9}},{"start":{"line":116,"column":15},"end":{"line":118,"column":9}}],"line":114},"10":{"loc":{"start":{"line":114,"column":12},"end":{"line":114,"column":61}},"type":"binary-expr","locations":[{"start":{"line":114,"column":12},"end":{"line":114,"column":24}},{"start":{"line":114,"column":28},"end":{"line":114,"column":61}}],"line":114},"11":{"loc":{"start":{"line":129,"column":39},"end":{"line":129,"column":80}},"type":"binary-expr","locations":[{"start":{"line":129,"column":39},"end":{"line":129,"column":65}},{"start":{"line":129,"column":69},"end":{"line":129,"column":80}}],"line":129},"12":{"loc":{"start":{"line":137,"column":2},"end":{"line":143,"column":3}},"type":"if","locations":[{"start":{"line":137,"column":2},"end":{"line":143,"column":3}},{"start":{},"end":{}}],"line":137},"13":{"loc":{"start":{"line":148,"column":9},"end":{"line":148,"column":49}},"type":"cond-expr","locations":[{"start":{"line":148,"column":18},"end":{"line":148,"column":29}},{"start":{"line":148,"column":32},"end":{"line":148,"column":49}}],"line":148},"14":{"loc":{"start":{"line":208,"column":11},"end":{"line":214,"column":11}},"type":"binary-expr","locations":[{"start":{"line":208,"column":11},"end":{"line":208,"column":29}},{"start":{"line":209,"column":12},"end":{"line":213,"column":18}}],"line":208},"15":{"loc":{"start":{"line":218,"column":24},"end":{"line":218,"column":45}},"type":"binary-expr","locations":[{"start":{"line":218,"column":24},"end":{"line":218,"column":36}},{"start":{"line":218,"column":40},"end":{"line":218,"column":45}}],"line":218},"16":{"loc":{"start":{"line":243,"column":24},"end":{"line":243,"column":83}},"type":"if","locations":[{"start":{"line":243,"column":24},"end":{"line":243,"column":83}},{"start":{},"end":{}}],"line":243},"17":{"loc":{"start":{"line":251,"column":36},"end":{"line":251,"column":51}},"type":"binary-expr","locations":[{"start":{"line":251,"column":36},"end":{"line":251,"column":45}},{"start":{"line":251,"column":49},"end":{"line":251,"column":51}}],"line":251},"18":{"loc":{"start":{"line":258,"column":21},"end":{"line":260,"column":21}},"type":"binary-expr","locations":[{"start":{"line":258,"column":21},"end":{"line":258,"column":34}},{"start":{"line":258,"column":38},"end":{"line":258,"column":67}},{"start":{"line":259,"column":22},"end":{"line":259,"column":104}}],"line":258},"19":{"loc":{"start":{"line":261,"column":21},"end":{"line":305,"column":21}},"type":"binary-expr","locations":[{"start":{"line":261,"column":21},"end":{"line":261,"column":50}},{"start":{"line":262,"column":22},"end":{"line":304,"column":28}}],"line":261},"20":{"loc":{"start":{"line":285,"column":25},"end":{"line":303,"column":25}},"type":"cond-expr","locations":[{"start":{"line":286,"column":26},"end":{"line":298,"column":28}},{"start":{"line":300,"column":26},"end":{"line":302,"column":32}}],"line":285},"21":{"loc":{"start":{"line":301,"column":29},"end":{"line":301,"column":119}},"type":"cond-expr","locations":[{"start":{"line":301,"column":42},"end":{"line":301,"column":97}},{"start":{"line":301,"column":100},"end":{"line":301,"column":119}}],"line":301},"22":{"loc":{"start":{"line":387,"column":13},"end":{"line":387,"column":103}},"type":"cond-expr","locations":[{"start":{"line":387,"column":22},"end":{"line":387,"column":66}},{"start":{"line":387,"column":69},"end":{"line":387,"column":103}}],"line":387},"23":{"loc":{"start":{"line":388,"column":13},"end":{"line":388,"column":51}},"type":"cond-expr","locations":[{"start":{"line":388,"column":22},"end":{"line":388,"column":35}},{"start":{"line":388,"column":38},"end":{"line":388,"column":51}}],"line":388}},"s":{"0":0,"1":0,"2":0,"3":0,"4":0,"5":0,"6":0,"7":0,"8":0,"9":0,"10":0,"11":0,"12":0,"13":0,"14":0,"15":0,"16":0,"17":0,"18":0,"19":0,"20":0,"21":0,"22":0,"23":0,"24":0,"25":0,"26":0,"27":0,"28":0,"29":0,"30":0,"31":0,"32":0,"33":0,"34":0,"35":0,"36":0,"37":0,"38":0,"39":0,"40":0,"41":0,"42":0,"43":0,"44":0,"45":0,"46":0,"47":0,"48":0,"49":0,"50":0,"51":0,"52":0,"53":0,"54":0,"55":0,"56":0,"57":0,"58":0,"59":0,"60":0,"61":0,"62":0,"63":0,"64":0,"65":0,"66":0,"67":0,"68":0,"69":0,"70":0,"71":0,"72":0,"73":0,"74":0,"75":0,"76":0,"77":0,"78":0,"79":0,"80":0,"81":0,"82":0,"83":0,"84":0,"85":0,"86":0,"87":0,"88":0,"89":0,"90":0,"91":0,"92":0,"93":0,"94":0,"95":0,"96":0,"97":0,"98":0,"99":0,"100":0,"101":0,"102":0,"103":0,"104":0,"105":0,"106":0},"f":{"0":0,"1":0,"2":0,"3":0,"4":0,"5":0,"6":0,"7":0,"8":0,"9":0,"10":0,"11":0,"12":0,"13":0,"14":0,"15":0,"16":0,"17":0,"18":0,"19":0,"20":0,"21":0,"22":0,"23":0,"24":0,"25":0,"26":0,"27":0,"28":0,"29":0,"30":0,"31":0,"32":0,"33":0,"34":0},"b":{"0":[0,0],"1":[0,0],"2":[0,0],"3":[0,0],"4":[0,0],"5":[0,0],"6":[0,0],"7":[0,0],"8":[0,0],"9":[0,0],"10":[0,0],"11":[0,0],"12":[0,0],"13":[0,0],"14":[0,0],"15":[0,0],"16":[0,0],"17":[0,0],"18":[0,0,0],"19":[0,0],"20":[0,0],"21":[0,0],"22":[0,0],"23":[0,0]}}
}
