TN:
SF:src/App.js
FN:12,App
FNF:1
FNH:0
FNDA:0,App
DA:13,0
LF:1
LH:0
BRF:0
BRH:0
end_of_record
TN:
SF:src/api.js
FN:8,(anonymous_0)
FNF:1
FNH:0
FNDA:0,(anonymous_0)
DA:4,0
DA:8,0
DA:9,0
DA:10,0
LF:4
LH:0
BRF:0
BRH:0
end_of_record
TN:
SF:src/index.js
FNF:0
FNH:0
DA:6,0
DA:7,0
LF:2
LH:0
BRF:0
BRH:0
end_of_record
TN:
SF:src/utils.js
FN:18,getCurrencySymbol
FN:19,(anonymous_1)
FN:29,generateId
FN:30,(anonymous_3)
FN:37,getDeviceId
FN:51,cachePlan
FN:62,getCachedPlan
FN:71,getCachedPlansForPort
FN:75,(anonymous_8)
FN:76,(anonymous_9)
FN:77,(anonymous_10)
FN:83,getCachedPlansForTrip
FN:87,(anonymous_12)
FN:88,(anonymous_13)
FN:89,(anonymous_14)
FN:95,clearPlanCache
FN:103,cacheTrip
FN:114,getCachedTrip
FN:123,getAllCachedTrips
FN:127,(anonymous_19)
FN:128,(anonymous_20)
FN:134,removeCachedTrip
FN:149,getCachedPlanCountForTrip
FN:152,(anonymous_23)
FNF:24
FNH:23
FNDA:4,getCurrencySymbol
FNDA:20,(anonymous_1)
FNDA:1,generateId
FNDA:31,(anonymous_3)
FNDA:4,getDeviceId
FNDA:10,cachePlan
FNDA:5,getCachedPlan
FNDA:1,getCachedPlansForPort
FNDA:2,(anonymous_8)
FNDA:0,(anonymous_9)
FNDA:1,(anonymous_10)
FNDA:1,getCachedPlansForTrip
FNDA:2,(anonymous_12)
FNDA:1,(anonymous_13)
FNDA:2,(anonymous_14)
FNDA:1,clearPlanCache
FNDA:5,cacheTrip
FNDA:3,getCachedTrip
FNDA:1,getAllCachedTrips
FNDA:1,(anonymous_19)
FNDA:2,(anonymous_20)
FNDA:1,removeCachedTrip
FNDA:1,getCachedPlanCountForTrip
FNDA:2,(anonymous_23)
DA:1,1
DA:19,20
DA:20,4
DA:27,1
DA:30,1
DA:31,31
DA:32,31
DA:33,31
DA:38,4
DA:39,4
DA:40,1
DA:41,1
DA:43,4
DA:48,1
DA:49,1
DA:52,10
DA:53,10
DA:54,10
DA:58,10
DA:63,5
DA:64,5
DA:65,5
DA:67,0
DA:72,1
DA:73,1
DA:74,1
DA:75,2
DA:76,0
DA:77,1
DA:79,0
DA:84,1
DA:85,1
DA:86,1
DA:87,2
DA:88,1
DA:89,2
DA:91,0
DA:96,1
DA:97,1
DA:104,5
DA:105,5
DA:106,5
DA:110,5
DA:115,3
DA:116,3
DA:117,3
DA:119,0
DA:124,1
DA:125,1
DA:126,1
DA:127,1
DA:128,2
DA:130,0
DA:135,1
DA:136,1
DA:137,1
DA:138,1
DA:140,1
DA:141,1
DA:142,1
DA:143,2
DA:145,1
DA:150,1
DA:151,1
DA:152,2
DA:154,0
LF:66
LH:59
BRDA:20,0,0,3
BRDA:20,0,1,1
BRDA:32,1,0,30
BRDA:32,1,1,1
BRDA:39,2,0,1
BRDA:39,2,1,3
BRDA:53,3,0,10
BRDA:53,3,1,2
BRDA:64,4,0,5
BRDA:64,4,1,1
BRDA:65,5,0,5
BRDA:65,5,1,4
BRDA:73,6,0,1
BRDA:73,6,1,0
BRDA:75,7,0,2
BRDA:75,7,1,2
BRDA:85,8,0,1
BRDA:85,8,1,0
BRDA:105,9,0,5
BRDA:105,9,1,1
BRDA:116,10,0,3
BRDA:116,10,1,0
BRDA:117,11,0,3
BRDA:117,11,1,2
BRDA:125,12,0,1
BRDA:125,12,1,0
BRDA:136,13,0,1
BRDA:136,13,1,0
BRDA:140,14,0,1
BRDA:140,14,1,0
BRDA:143,15,0,1
BRDA:143,15,1,1
BRDA:151,16,0,1
BRDA:151,16,1,0
BRF:34
BRH:27
end_of_record
TN:
SF:src/components/ActivityCard.js
FN:4,ActivityCard
FNF:1
FNH:0
FNDA:0,ActivityCard
DA:5,0
LF:1
LH:0
BRDA:13,0,0,0
BRDA:13,0,1,0
BRDA:30,1,0,0
BRDA:30,1,1,0
BRDA:36,2,0,0
BRDA:36,2,1,0
BRDA:42,3,0,0
BRDA:42,3,1,0
BRDA:50,4,0,0
BRDA:50,4,1,0
BRDA:56,5,0,0
BRDA:56,5,1,0
BRDA:69,6,0,0
BRDA:69,6,1,0
BRDA:69,6,2,0
BRF:15
BRH:0
end_of_record
TN:
SF:src/components/Layout.js
FN:13,Layout
FN:27,(anonymous_1)
FN:77,(anonymous_2)
FNF:3
FNH:0
FNDA:0,Layout
FNDA:0,(anonymous_1)
FNDA:0,(anonymous_2)
DA:6,0
DA:14,0
DA:16,0
DA:28,0
DA:29,0
DA:30,0
DA:78,0
DA:79,0
DA:80,0
LF:9
LH:0
BRDA:36,0,0,0
BRDA:36,0,1,0
BRDA:86,1,0,0
BRDA:86,1,1,0
BRDA:89,2,0,0
BRDA:89,2,1,0
BRF:6
BRH:0
end_of_record
TN:
SF:src/components/MapView.js
FN:20,(anonymous_0)
FN:27,MapView
FN:35,(anonymous_2)
FN:68,(anonymous_3)
FNF:4
FNH:0
FNDA:0,(anonymous_0)
FNDA:0,MapView
FNDA:0,(anonymous_2)
FNDA:0,(anonymous_3)
DA:6,0
DA:7,0
DA:13,0
DA:20,0
DA:28,0
DA:30,0
DA:31,0
DA:33,0
DA:34,0
DA:35,0
DA:36,0
DA:37,0
DA:40,0
DA:43,0
DA:47,0
DA:69,0
LF:16
LH:0
BRDA:27,0,0,0
BRDA:28,1,0,0
BRDA:28,1,1,0
BRDA:28,2,0,0
BRDA:28,2,1,0
BRDA:33,3,0,0
BRDA:33,3,1,0
BRDA:33,4,0,0
BRDA:33,4,1,0
BRDA:36,5,0,0
BRDA:36,5,1,0
BRDA:36,6,0,0
BRDA:36,6,1,0
BRDA:43,7,0,0
BRDA:43,7,1,0
BRDA:68,8,0,0
BRDA:68,8,1,0
BRDA:69,9,0,0
BRDA:69,9,1,0
BRDA:69,10,0,0
BRDA:69,10,1,0
BRDA:70,11,0,0
BRDA:70,11,1,0
BRDA:81,12,0,0
BRDA:81,12,1,0
BRF:25
BRH:0
end_of_record
TN:
SF:src/components/WeatherCard.js
FN:26,WeatherCard
FNF:1
FNH:1
FNDA:6,WeatherCard
DA:4,1
DA:27,6
DA:29,0
DA:30,0
DA:31,0
DA:33,0
LF:6
LH:2
BRDA:27,0,0,6
BRDA:27,0,1,0
BRDA:29,1,0,0
BRDA:29,1,1,0
BRDA:30,2,0,0
BRDA:30,2,1,0
BRF:6
BRH:1
end_of_record
TN:
SF:src/pages/DayPlanView.js
FN:12,DayPlanView
FN:18,(anonymous_1)
FN:27,(anonymous_2)
FN:31,(anonymous_3)
FN:34,(anonymous_4)
FN:38,(anonymous_5)
FN:39,(anonymous_6)
FN:43,(anonymous_7)
FN:45,(anonymous_8)
FN:49,(anonymous_9)
FN:166,(anonymous_10)
FN:180,(anonymous_11)
FN:196,(anonymous_12)
FNF:13
FNH:0
FNDA:0,DayPlanView
FNDA:0,(anonymous_1)
FNDA:0,(anonymous_2)
FNDA:0,(anonymous_3)
FNDA:0,(anonymous_4)
FNDA:0,(anonymous_5)
FNDA:0,(anonymous_6)
FNDA:0,(anonymous_7)
FNDA:0,(anonymous_8)
FNDA:0,(anonymous_9)
FNDA:0,(anonymous_10)
FNDA:0,(anonymous_11)
FNDA:0,(anonymous_12)
DA:10,0
DA:13,0
DA:14,0
DA:15,0
DA:16,0
DA:18,0
DA:20,0
DA:21,0
DA:22,0
DA:23,0
DA:24,0
DA:26,0
DA:28,0
DA:29,0
DA:33,0
DA:35,0
DA:36,0
DA:38,0
DA:39,0
DA:43,0
DA:44,0
DA:45,0
DA:46,0
DA:47,0
DA:48,0
DA:49,0
DA:50,0
DA:51,0
DA:54,0
DA:55,0
DA:62,0
DA:63,0
DA:71,0
DA:72,0
DA:73,0
DA:74,0
DA:75,0
DA:77,0
DA:167,0
DA:181,0
DA:197,0
LF:41
LH:0
BRDA:21,0,0,0
BRDA:21,0,1,0
BRDA:44,1,0,0
BRDA:44,1,1,0
BRDA:45,2,0,0
BRDA:45,2,1,0
BRDA:46,3,0,0
BRDA:46,3,1,0
BRDA:54,4,0,0
BRDA:54,4,1,0
BRDA:62,5,0,0
BRDA:62,5,1,0
BRDA:62,6,0,0
BRDA:62,6,1,0
BRDA:72,7,0,0
BRDA:72,7,1,0
BRDA:74,8,0,0
BRDA:74,8,1,0
BRDA:88,9,0,0
BRDA:88,9,1,0
BRDA:95,10,0,0
BRDA:95,10,1,0
BRDA:173,11,0,0
BRDA:173,11,1,0
BRDA:189,12,0,0
BRDA:189,12,1,0
BRF:26
BRH:0
end_of_record
TN:
SF:src/pages/Landing.js
FN:13,Landing
FN:69,(anonymous_1)
FNF:2
FNH:2
FNDA:7,Landing
FNDA:28,(anonymous_1)
DA:6,1
DA:14,7
DA:70,28
DA:71,28
LF:4
LH:4
BRF:0
BRH:0
end_of_record
TN:
SF:src/pages/MyTrips.js
FN:10,MyTrips
FN:15,(anonymous_1)
FN:19,(anonymous_2)
FN:24,(anonymous_3)
FN:27,(anonymous_4)
FN:28,(anonymous_5)
FN:31,(anonymous_6)
FN:32,(anonymous_7)
FN:36,(anonymous_8)
FN:39,(anonymous_9)
FN:41,(anonymous_10)
FN:95,(anonymous_11)
FNF:12
FNH:0
FNDA:0,MyTrips
FNDA:0,(anonymous_1)
FNDA:0,(anonymous_2)
FNDA:0,(anonymous_3)
FNDA:0,(anonymous_4)
FNDA:0,(anonymous_5)
FNDA:0,(anonymous_6)
FNDA:0,(anonymous_7)
FNDA:0,(anonymous_8)
FNDA:0,(anonymous_9)
FNDA:0,(anonymous_10)
FNDA:0,(anonymous_11)
DA:8,0
DA:11,0
DA:12,0
DA:13,0
DA:15,0
DA:16,0
DA:18,0
DA:20,0
DA:21,0
DA:24,0
DA:27,0
DA:28,0
DA:30,0
DA:31,0
DA:32,0
DA:34,0
DA:38,0
DA:39,0
DA:41,0
DA:44,0
DA:45,0
DA:52,0
DA:96,0
DA:97,0
LF:24
LH:0
BRDA:44,0,0,0
BRDA:44,0,1,0
BRDA:70,1,0,0
BRDA:70,1,1,0
BRDA:77,2,0,0
BRDA:77,2,1,0
BRDA:117,3,0,0
BRDA:117,3,1,0
BRDA:125,4,0,0
BRDA:125,4,1,0
BRDA:131,5,0,0
BRDA:131,5,1,0
BRDA:134,6,0,0
BRDA:134,6,1,0
BRDA:140,7,0,0
BRDA:140,7,1,0
BRDA:151,8,0,0
BRDA:151,8,1,0
BRDA:154,9,0,0
BRDA:154,9,1,0
BRF:20
BRH:0
end_of_record
TN:
SF:src/pages/PortPlanner.js
FN:37,OptionSelector
FN:45,(anonymous_1)
FN:49,(anonymous_2)
FN:68,PortPlanner
FN:85,(anonymous_4)
FN:87,(anonymous_5)
FN:89,(anonymous_6)
FN:92,(anonymous_7)
FN:93,(anonymous_8)
FN:99,(anonymous_9)
FN:100,(anonymous_10)
FN:103,(anonymous_11)
FN:142,(anonymous_12)
FN:182,(anonymous_13)
FN:256,(anonymous_14)
FN:260,(anonymous_15)
FNF:16
FNH:0
FNDA:0,OptionSelector
FNDA:0,(anonymous_1)
FNDA:0,(anonymous_2)
FNDA:0,PortPlanner
FNDA:0,(anonymous_4)
FNDA:0,(anonymous_5)
FNDA:0,(anonymous_6)
FNDA:0,(anonymous_7)
FNDA:0,(anonymous_8)
FNDA:0,(anonymous_9)
FNDA:0,(anonymous_10)
FNDA:0,(anonymous_11)
FNDA:0,(anonymous_12)
FNDA:0,(anonymous_13)
FNDA:0,(anonymous_14)
FNDA:0,(anonymous_15)
DA:7,0
DA:9,0
DA:11,0
DA:38,0
DA:46,0
DA:49,0
DA:69,0
DA:70,0
DA:71,0
DA:72,0
DA:73,0
DA:74,0
DA:75,0
DA:76,0
DA:83,0
DA:85,0
DA:86,0
DA:88,0
DA:89,0
DA:90,0
DA:92,0
DA:93,0
DA:95,0
DA:96,0
DA:99,0
DA:100,0
DA:103,0
DA:104,0
DA:105,0
DA:106,0
DA:107,0
DA:113,0
DA:114,0
DA:116,0
DA:117,0
DA:119,0
DA:123,0
DA:124,0
DA:131,0
DA:132,0
DA:139,0
DA:142,0
DA:183,0
DA:256,0
DA:261,0
LF:45
LH:0
BRDA:51,0,0,0
BRDA:51,0,1,0
BRDA:57,1,0,0
BRDA:57,1,1,0
BRDA:60,2,0,0
BRDA:60,2,1,0
BRDA:116,3,0,0
BRDA:116,3,1,0
BRDA:123,4,0,0
BRDA:123,4,1,0
BRDA:131,5,0,0
BRDA:131,5,1,0
BRDA:162,6,0,0
BRDA:162,6,1,0
BRDA:162,6,2,0
BRDA:173,7,0,0
BRDA:173,7,1,0
BRDA:191,8,0,0
BRDA:191,8,1,0
BRDA:198,9,0,0
BRDA:198,9,1,0
BRDA:274,10,0,0
BRDA:274,10,1,0
BRDA:287,11,0,0
BRDA:287,11,1,0
BRDA:293,12,0,0
BRDA:293,12,1,0
BRF:27
BRH:0
end_of_record
TN:
SF:src/pages/TermsConditions.js
FN:64,TermsConditions
FN:80,(anonymous_1)
FN:89,(anonymous_2)
FNF:3
FNH:0
FNDA:0,TermsConditions
FNDA:0,(anonymous_1)
FNDA:0,(anonymous_2)
DA:4,0
DA:65,0
DA:81,0
DA:90,0
LF:4
LH:0
BRDA:96,0,0,0
BRDA:96,0,1,0
BRF:2
BRH:0
end_of_record
TN:
SF:src/pages/TripDetail.js
FN:9,TripDetail
FN:17,(anonymous_1)
FN:32,(anonymous_2)
FN:37,(anonymous_3)
FN:43,(anonymous_4)
FN:46,(anonymous_5)
FN:57,(anonymous_6)
FN:63,(anonymous_7)
FN:69,(anonymous_8)
FN:70,(anonymous_9)
FN:161,(anonymous_10)
FN:208,(anonymous_11)
FNF:12
FNH:0
FNDA:0,TripDetail
FNDA:0,(anonymous_1)
FNDA:0,(anonymous_2)
FNDA:0,(anonymous_3)
FNDA:0,(anonymous_4)
FNDA:0,(anonymous_5)
FNDA:0,(anonymous_6)
FNDA:0,(anonymous_7)
FNDA:0,(anonymous_8)
FNDA:0,(anonymous_9)
FNDA:0,(anonymous_10)
FNDA:0,(anonymous_11)
DA:7,0
DA:10,0
DA:11,0
DA:12,0
DA:13,0
DA:14,0
DA:15,0
DA:17,0
DA:19,0
DA:20,0
DA:23,0
DA:24,0
DA:25,0
DA:26,0
DA:27,0
DA:31,0
DA:33,0
DA:34,0
DA:35,0
DA:38,0
DA:40,0
DA:43,0
DA:46,0
DA:47,0
DA:48,0
DA:49,0
DA:50,0
DA:51,0
DA:53,0
DA:57,0
DA:58,0
DA:59,0
DA:60,0
DA:63,0
DA:64,0
DA:65,0
DA:66,0
DA:69,0
DA:70,0
DA:73,0
DA:74,0
DA:81,0
DA:82,0
DA:90,0
DA:162,0
DA:163,0
DA:209,0
LF:47
LH:0
BRDA:24,0,0,0
BRDA:24,0,1,0
BRDA:38,1,0,0
BRDA:38,1,1,0
BRDA:47,2,0,0
BRDA:47,2,1,0
BRDA:58,3,0,0
BRDA:58,3,1,0
BRDA:64,4,0,0
BRDA:64,4,1,0
BRDA:73,5,0,0
BRDA:73,5,1,0
BRDA:81,6,0,0
BRDA:81,6,1,0
BRDA:101,7,0,0
BRDA:101,7,1,0
BRDA:126,8,0,0
BRDA:126,8,1,0
BRDA:134,9,0,0
BRDA:134,9,1,0
BRDA:137,10,0,0
BRDA:137,10,1,0
BRDA:144,11,0,0
BRDA:144,11,1,0
BRDA:147,12,0,0
BRDA:147,12,1,0
BRDA:147,13,0,0
BRDA:147,13,1,0
BRDA:201,14,0,0
BRDA:201,14,1,0
BRDA:217,15,0,0
BRDA:217,15,1,0
BRDA:221,16,0,0
BRDA:221,16,1,0
BRDA:222,17,0,0
BRDA:222,17,1,0
BRF:36
BRH:0
end_of_record
TN:
SF:src/pages/TripSetup.js
FN:9,TripSetup
FN:27,(anonymous_1)
FN:28,(anonymous_2)
FN:28,(anonymous_3)
FN:31,(anonymous_4)
FN:44,(anonymous_5)
FN:48,(anonymous_6)
FN:53,(anonymous_7)
FN:54,(anonymous_8)
FN:58,(anonymous_9)
FN:66,(anonymous_10)
FN:72,(anonymous_11)
FN:73,(anonymous_12)
FN:76,(anonymous_13)
FN:90,(anonymous_14)
FN:167,(anonymous_15)
FN:179,(anonymous_16)
FN:217,(anonymous_17)
FN:223,(anonymous_18)
FN:239,(anonymous_19)
FN:244,(anonymous_20)
FN:248,(anonymous_21)
FN:253,(anonymous_22)
FN:253,(anonymous_23)
FN:269,(anonymous_24)
FN:273,(anonymous_25)
FN:278,(anonymous_26)
FN:286,(anonymous_27)
FN:290,(anonymous_28)
FN:312,(anonymous_29)
FN:324,(anonymous_30)
FN:336,(anonymous_31)
FN:349,(anonymous_32)
FN:361,(anonymous_33)
FN:376,(anonymous_34)
FNF:35
FNH:0
FNDA:0,TripSetup
FNDA:0,(anonymous_1)
FNDA:0,(anonymous_2)
FNDA:0,(anonymous_3)
FNDA:0,(anonymous_4)
FNDA:0,(anonymous_5)
FNDA:0,(anonymous_6)
FNDA:0,(anonymous_7)
FNDA:0,(anonymous_8)
FNDA:0,(anonymous_9)
FNDA:0,(anonymous_10)
FNDA:0,(anonymous_11)
FNDA:0,(anonymous_12)
FNDA:0,(anonymous_13)
FNDA:0,(anonymous_14)
FNDA:0,(anonymous_15)
FNDA:0,(anonymous_16)
FNDA:0,(anonymous_17)
FNDA:0,(anonymous_18)
FNDA:0,(anonymous_19)
FNDA:0,(anonymous_20)
FNDA:0,(anonymous_21)
FNDA:0,(anonymous_22)
FNDA:0,(anonymous_23)
FNDA:0,(anonymous_24)
FNDA:0,(anonymous_25)
FNDA:0,(anonymous_26)
FNDA:0,(anonymous_27)
FNDA:0,(anonymous_28)
FNDA:0,(anonymous_29)
FNDA:0,(anonymous_30)
FNDA:0,(anonymous_31)
FNDA:0,(anonymous_32)
FNDA:0,(anonymous_33)
FNDA:0,(anonymous_34)
DA:7,0
DA:10,0
DA:11,0
DA:12,0
DA:14,0
DA:15,0
DA:16,0
DA:17,0
DA:18,0
DA:19,0
DA:20,0
DA:21,0
DA:22,0
DA:23,0
DA:24,0
DA:25,0
DA:27,0
DA:28,0
DA:31,0
DA:32,0
DA:33,0
DA:34,0
DA:35,0
DA:36,0
DA:37,0
DA:39,0
DA:41,0
DA:44,0
DA:45,0
DA:46,0
DA:47,0
DA:49,0
DA:50,0
DA:51,0
DA:53,0
DA:54,0
DA:58,0
DA:59,0
DA:66,0
DA:67,0
DA:68,0
DA:69,0
DA:72,0
DA:73,0
DA:76,0
DA:77,0
DA:78,0
DA:85,0
DA:86,0
DA:87,0
DA:90,0
DA:91,0
DA:92,0
DA:94,0
DA:95,0
DA:96,0
DA:97,0
DA:98,0
DA:100,0
DA:101,0
DA:105,0
DA:106,0
DA:114,0
DA:115,0
DA:117,0
DA:122,0
DA:123,0
DA:124,0
DA:127,0
DA:129,0
DA:131,0
DA:135,0
DA:137,0
DA:138,0
DA:145,0
DA:167,0
DA:179,0
DA:218,0
DA:223,0
DA:240,0
DA:241,0
DA:242,0
DA:243,0
DA:244,0
DA:245,0
DA:249,0
DA:250,0
DA:251,0
DA:253,0
DA:270,0
DA:271,0
DA:273,0
DA:279,0
DA:287,0
DA:290,0
DA:312,0
DA:324,0
DA:336,0
DA:349,0
DA:361,0
DA:376,0
LF:101
LH:0
BRDA:34,0,0,0
BRDA:34,0,1,0
BRDA:35,1,0,0
BRDA:35,1,1,0
BRDA:45,2,0,0
BRDA:45,2,1,0
BRDA:50,3,0,0
BRDA:50,3,1,0
BRDA:51,4,0,0
BRDA:51,4,1,0
BRDA:92,5,0,0
BRDA:92,5,1,0
BRDA:97,6,0,0
BRDA:97,6,1,0
BRDA:109,7,0,0
BRDA:109,7,1,0
BRDA:110,8,0,0
BRDA:110,8,1,0
BRDA:114,9,0,0
BRDA:114,9,1,0
BRDA:114,10,0,0
BRDA:114,10,1,0
BRDA:129,11,0,0
BRDA:129,11,1,0
BRDA:137,12,0,0
BRDA:137,12,1,0
BRDA:148,13,0,0
BRDA:148,13,1,0
BRDA:208,14,0,0
BRDA:208,14,1,0
BRDA:218,15,0,0
BRDA:218,15,1,0
BRDA:243,16,0,0
BRDA:243,16,1,0
BRDA:251,17,0,0
BRDA:251,17,1,0
BRDA:258,18,0,0
BRDA:258,18,1,0
BRDA:258,18,2,0
BRDA:261,19,0,0
BRDA:261,19,1,0
BRDA:285,20,0,0
BRDA:285,20,1,0
BRDA:301,21,0,0
BRDA:301,21,1,0
BRDA:387,22,0,0
BRDA:387,22,1,0
BRDA:388,23,0,0
BRDA:388,23,1,0
BRF:49
BRH:0
end_of_record
